[18-Dec-2017 02:45:28.225] DoubleM GUI starting..
[18-Dec-2017 02:47:33.244] Downloading rates for HDFC - PRUDENCE FUND-RG DIV PAYOUT-OPEN ENDED
[18-Dec-2017 02:47:35.707] Downloading rates for HDFC - PRUDENCE FUND-RG DIV PAYOUT-OPEN ENDED
[18-Dec-2017 02:47:37.915] Downloading rates for HDFC - PRUDENCE FUND-RG DIV PAYOUT-OPEN ENDED
[18-Dec-2017 02:47:40.243] Downloading rates for IFCI LTD
[18-Dec-2017 02:48:28.442] The remote server returned an error: (500) Internal Server Error.
[18-Dec-2017 02:56:11.035] Downloading rates for IVRCL INFRAST
[18-Dec-2017 02:56:12.963] Downloading rates for ALOK INDUSTRIES LTD
[18-Dec-2017 02:59:09.907] Downloading rates for BLB LIMITED
[18-Dec-2017 02:59:12.179] Downloading rates for ALPS INDUSTRIES
[18-Dec-2017 02:59:14.091] Downloading rates for STERLING BIOTECH LTD
[18-Dec-2017 02:59:24.683] Downloaded rate is not the latest - ALPS INDUSTRIES 4.78 15/12/2017 3:20:59 PM
[18-Dec-2017 02:59:24.684] Downloaded rate is not the latest - BLB LIMITED 9.22 15/12/2017 3:11:37 PM
[18-Dec-2017 02:59:24.686] Downloaded rate is not the latest - STERLING BIOTECH LTD 3.10 15/12/2017 3:29:18 PM
[18-Dec-2017 03:07:47.347] Downloading rates for LARSEN & TOUBRO LTD
[18-Dec-2017 03:18:47.611] Downloading rates for LUPIN LTD
[18-Dec-2017 03:18:49.185] The remote server returned an error: (503) Server Unavailable.
[18-Dec-2017 03:18:51.027] Downloading rates for LUPIN LTD
[18-Dec-2017 03:18:53.467] Downloading rates for MARICO INDUSTRIES LTD
[18-Dec-2017 03:22:14.795] Downloading rates for HIMADRI SPECIALITY CHEMICALS LTD
[18-Dec-2017 03:22:32.179] Downloading rates for INDIAN OVERSEAS BANK
[18-Dec-2017 03:22:34.227] Downloading rates for INFOSYS TECHNOLOGIES LTD
[18-Dec-2017 03:22:36.131] Downloading rates for ITC LTD
[18-Dec-2017 03:22:38.707] Downloading rates for IVRCL INFRAST
[18-Dec-2017 03:22:53.131] Downloading rates for MARICO INDUSTRIES LTD
[18-Dec-2017 03:28:26.880] The operation has timed out.
[18-Dec-2017 03:31:09.556] Downloading rates for STATE BANK OF INDIA
[18-Dec-2017 03:35:07.747] Downloading rates for RELIANCE POWER LIMITED
[18-Dec-2017 06:49:04.948] DoubleM GUI starting..
[18-Dec-2017 06:49:18.078] The remote server returned an error: (500) Internal Server Error.
[18-Dec-2017 06:49:28.303] Downloading rates for ABAN OFFSHORE LTD
[18-Dec-2017 06:49:51.853] Downloading rates for IFCI LTD
[18-Dec-2017 06:49:54.600] Downloading rates for IL&FS TRANSPORTATION NETWORKS LTD
[18-Dec-2017 06:49:55.723] The remote server returned an error: (500) Internal Server Error.
[18-Dec-2017 06:49:57.425] Downloading rates for IL&FS TRANSPORTATION NETWORKS LTD
[18-Dec-2017 06:50:04.613] The remote server returned an error: (500) Internal Server Error.
[18-Dec-2017 06:50:11.740] Downloading rates for INDIA CEMENTS LTD
[18-Dec-2017 06:50:22.983] The remote server returned an error: (500) Internal Server Error.
[18-Dec-2017 06:50:26.350] The remote server returned an error: (500) Internal Server Error.
[18-Dec-2017 06:50:39.255] The remote server returned an error: (500) Internal Server Error.
[18-Dec-2017 06:50:49.998] Downloading rates for SEL Manufacturing
[18-Dec-2017 06:51:11.613] Downloading rates for BHEL
[18-Dec-2017 07:45:48.491] Downloading rates for 3I INFOTECH LTD
[18-Dec-2017 07:45:50.328] The remote server returned an error: (500) Internal Server Error.
[18-Dec-2017 07:45:51.923] Downloading rates for 3I INFOTECH LTD
[18-Dec-2017 07:45:54.978] Downloading rates for ABAN OFFSHORE LTD
[18-Dec-2017 07:45:56.026] The remote server returned an error: (500) Internal Server Error.
[18-Dec-2017 07:45:57.578] Downloading rates for ABAN OFFSHORE LTD
[18-Dec-2017 07:46:00.266] Downloading rates for ALLAHABAD BANK
[18-Dec-2017 07:46:01.101] The remote server returned an error: (500) Internal Server Error.
[18-Dec-2017 07:46:02.811] Downloading rates for ALLAHABAD BANK
[18-Dec-2017 07:46:03.526] The remote server returned an error: (503) Server Unavailable.
[18-Dec-2017 07:46:05.933] Downloading rates for ALOK INDUSTRIES LTD
[18-Dec-2017 07:46:08.481] Downloading rates for ALPS INDUSTRIES
[18-Dec-2017 07:46:11.363] Downloading rates for BAJAJ HINDUSTAN LTD
[18-Dec-2017 07:46:13.721] Downloading rates for BANK OF BARODA
[18-Dec-2017 07:46:16.941] Downloading rates for BHUSHAN STEEL
[18-Dec-2017 07:46:19.531] Downloading rates for BLB LIMITED
[18-Dec-2017 07:46:22.161] Downloading rates for BURNPUR CEMENT LTD
[18-Dec-2017 07:46:24.718] Downloading rates for CANARA BANK
[18-Dec-2017 07:46:27.401] Downloading rates for COAL INDIA LTD
[18-Dec-2017 07:46:30.078] Downloading rates for DR. REDDY'S LABORATORIES
[18-Dec-2017 07:46:33.248] Downloading rates for FORCE MOTORS LTD
[18-Dec-2017 07:46:37.303] Downloading rates for ALLAHABAD BANK
[18-Dec-2017 07:46:38.131] The remote server returned an error: (500) Internal Server Error.
[18-Dec-2017 07:46:40.426] Downloading rates for ALLAHABAD BANK
[18-Dec-2017 07:46:41.321] The remote server returned an error: (500) Internal Server Error.
[18-Dec-2017 07:46:43.843] Downloading rates for FUTURE CONSUMER LTD
[18-Dec-2017 07:46:46.901] Downloading rates for GVK POWER & INFRASTRUCTURE LTD
[18-Dec-2017 07:46:49.976] Downloading rates for HDFC - PRUDENCE FUND-RG DIV PAYOUT-OPEN ENDED
[18-Dec-2017 07:46:52.313] Downloading rates for HDFC - PRUDENCE FUND-RG DIV PAYOUT-OPEN ENDED
[18-Dec-2017 07:46:54.971] Downloading rates for HDFC - PRUDENCE FUND-RG DIV PAYOUT-OPEN ENDED
[18-Dec-2017 07:46:57.398] Downloading rates for HIMADRI SPECIALITY CHEMICALS LTD
[18-Dec-2017 07:47:00.393] Downloading rates for HINDUSTAN ORGANIC CH
[18-Dec-2017 07:47:03.593] Downloading rates for ICICI BANK LTD
[18-Dec-2017 07:47:04.358] The remote server returned an error: (500) Internal Server Error.
[18-Dec-2017 07:47:05.906] Downloading rates for ICICI BANK LTD
[18-Dec-2017 07:47:08.756] Downloading rates for IDBI BANK LIMITED
[18-Dec-2017 07:47:11.906] Downloading rates for IDFC BANK LIMITED
[18-Dec-2017 07:47:14.701] Downloading rates for IDFC LTD
[18-Dec-2017 07:47:17.173] Downloading rates for IFCI LTD
[18-Dec-2017 07:47:19.816] Downloading rates for IL&FS TRANSPORTATION NETWORKS LTD
[18-Dec-2017 07:47:23.398] Downloading rates for INDIA CEMENTS LTD
[18-Dec-2017 07:47:26.523] Downloading rates for INDIAN OVERSEAS BANK
[18-Dec-2017 07:47:29.113] Downloading rates for INFOSYS TECHNOLOGIES LTD
[18-Dec-2017 07:47:31.538] Downloading rates for ITC LTD
[18-Dec-2017 07:47:33.993] Downloading rates for IVRCL INFRAST
[18-Dec-2017 07:47:38.626] Downloading rates for JAIPRAKASH ASSOCIATES LTD
[18-Dec-2017 07:47:41.006] Downloading rates for JAIPRAKASH HYDRO-POWER LTD
[18-Dec-2017 07:47:41.736] The remote server returned an error: (500) Internal Server Error.
[18-Dec-2017 07:47:43.406] Downloading rates for JAIPRAKASH HYDRO-POWER LTD
[18-Dec-2017 07:47:45.896] Downloading rates for KIRLOSKAR ELECTRIC COMP LTD
[18-Dec-2017 07:47:48.581] Downloading rates for LARSEN & TOUBRO LTD
[18-Dec-2017 07:47:51.148] Downloading rates for LUPIN LTD
[18-Dec-2017 07:47:53.438] Downloading rates for MARICO INDUSTRIES LTD
[18-Dec-2017 07:47:55.716] Downloading rates for NEYVELI LIGNITE CORPORATION LTD
[18-Dec-2017 07:47:58.286] Downloading rates for OIL & NATURAL GAS CORPORATION LTD
[18-Dec-2017 07:48:00.703] Downloading rates for POWER TRADING CORPORATION
[18-Dec-2017 07:48:03.143] Downloading rates for PTC INDIA FINANCIAL SERVICES LTD
[18-Dec-2017 07:48:05.973] Downloading rates for PUNJ LLOYD
[18-Dec-2017 07:48:06.768] The remote server returned an error: (500) Internal Server Error.
[18-Dec-2017 07:48:08.341] Downloading rates for PUNJ LLOYD
[18-Dec-2017 07:48:10.831] Downloading rates for RELIANCE CPSE ETF - REGULAR PLAN
[18-Dec-2017 07:48:13.483] Downloading rates for RELIANCE IND
[18-Dec-2017 07:48:16.143] Downloading rates for RELIANCE POWER LIMITED
[18-Dec-2017 07:48:18.738] Downloading rates for ROLTA INDIA
[18-Dec-2017 07:48:21.276] Downloading rates for SEL Manufacturing
[18-Dec-2017 07:48:23.848] Downloading rates for SHREE RENUKA SUGARS
[18-Dec-2017 07:48:27.916] Downloading rates for SINTEX INDUSTRIES LTD
[18-Dec-2017 07:48:30.856] Downloading rates for SOUTH INDIAN BANK LTD
[18-Dec-2017 07:48:34.036] Downloading rates for STATE BANK OF INDIA
[18-Dec-2017 07:48:37.048] Downloading rates for STERLING BIOTECH LTD
[18-Dec-2017 07:48:39.796] Downloading rates for SUZLON ENERGY LIMITED
[18-Dec-2017 07:48:42.178] Downloading rates for SYNDICATE BANK
[18-Dec-2017 07:48:44.803] Downloading rates for TATA TELESERVICES(MAHARASHTRA) LTD
[18-Dec-2017 07:48:47.393] Downloading rates for UNITECH LIMITED
[18-Dec-2017 07:48:49.993] Downloading rates for VEDANTA LIMITED
