[04-Dec-2017 03:19:41.952] DoubleM GUI starting..
[04-Dec-2017 03:21:09.135] Downloading rates for STERLING BIOTECH LTD
[04-Dec-2017 03:21:11.886] Downloading rates for BLB LIMITED
[04-Dec-2017 04:02:15.112] Downloading rates for STERLING BIOTECH LTD
[04-Dec-2017 04:02:17.400] Downloading rates for BLB LIMITED
[04-Dec-2017 04:38:46.457] Downloading rates for STERLING BIOTECH LTD
[04-Dec-2017 04:38:48.752] Downloading rates for BLB LIMITED
[04-Dec-2017 04:38:56.911] Downloaded rate is not the latest - BLB LIMITED 7.00 1/12/2017 3:26:28 PM
[04-Dec-2017 04:40:22.657] Downloading rates for PTC INDIA FINANCIAL SERVICES LTD
[04-Dec-2017 04:40:25.280] Downloading rates for PUNJ LLOYD
[04-Dec-2017 04:40:28.768] Downloading rates for RELIANCE CPSE ETF - REGULAR PLAN
[04-Dec-2017 07:29:04.535] DoubleM GUI starting..
[04-Dec-2017 07:31:13.540] The remote server returned an error: (500) Internal Server Error.
[04-Dec-2017 07:31:17.953] The remote server returned an error: (503) Server Unavailable.
[04-Dec-2017 07:31:35.725] The remote server returned an error: (500) Internal Server Error.
[04-Dec-2017 07:31:36.340] The remote server returned an error: (500) Internal Server Error.
[04-Dec-2017 07:32:27.075] Downloaded rate is not the latest - BLB LIMITED 7.00 1/12/2017 3:26:28 PM
[04-Dec-2017 10:15:13.330] DoubleM GUI starting..
[04-Dec-2017 10:15:29.447] The remote server returned an error: (500) Internal Server Error.
[04-Dec-2017 10:15:37.001] The remote server returned an error: (500) Internal Server Error.
[04-Dec-2017 10:15:53.601] The remote server returned an error: (500) Internal Server Error.
[04-Dec-2017 10:16:06.796] The remote server returned an error: (500) Internal Server Error.
[04-Dec-2017 10:16:58.332] Downloaded rate is not the latest - BLB LIMITED 7.00 1/12/2017 3:26:28 PM
