[22-Nov-2017 02:50:15.803] DoubleM GUI starting..
[22-Nov-2017 03:03:50.110] The remote server returned an error: (500) Internal Server Error.
[22-Nov-2017 03:04:23.963] Downloading rates for HINDUSTAN ORGANIC CH
[22-Nov-2017 03:04:28.898] Downloading rates for STERLING BIOTECH LTD
[22-Nov-2017 03:04:31.337] Downloading rates for VEDANTA LIMITED
[22-Nov-2017 03:10:31.230] Downloading rates for STERLING BIOTECH LTD
[22-Nov-2017 03:10:33.013] Downloading rates for VEDANTA LIMITED
[22-Nov-2017 03:10:34.850] Downloading rates for CANARA BANK
[22-Nov-2017 03:10:39.466] Downloading rates for ALPS INDUSTRIES
[22-Nov-2017 03:10:41.908] Downloading rates for BLB LIMITED
[22-Nov-2017 03:29:45.175] Downloading rates for STERLING BIOTECH LTD
[22-Nov-2017 03:29:58.789] Downloading rates for MARICO INDUSTRIES LTD
[22-Nov-2017 03:30:10.737] Downloading rates for HIMADRI SPECIALITY CHEMICALS LTD
[22-Nov-2017 03:46:04.371] DoubleM GUI starting..
[22-Nov-2017 05:27:18.291] DoubleM GUI starting..
[22-Nov-2017 06:19:04.212] The remote server returned an error: (500) Internal Server Error.
[22-Nov-2017 06:19:05.907] The remote server returned an error: (503) Server Unavailable.
[22-Nov-2017 06:19:13.165] The remote server returned an error: (503) Server Unavailable.
[22-Nov-2017 06:19:15.780] The remote server returned an error: (500) Internal Server Error.
[22-Nov-2017 06:19:16.212] The remote server returned an error: (503) Server Unavailable.
[22-Nov-2017 07:55:44.187] DoubleM GUI starting..
[22-Nov-2017 07:56:30.149] The remote server returned an error: (500) Internal Server Error.
[22-Nov-2017 07:56:33.827] The remote server returned an error: (500) Internal Server Error.
[22-Nov-2017 07:56:41.452] Downloading rates for BANK OF BARODA
[22-Nov-2017 07:56:45.932] Downloading rates for ABAN OFFSHORE LTD
[22-Nov-2017 07:56:53.292] The remote server returned an error: (503) Server Unavailable.
[22-Nov-2017 07:56:53.819] The remote server returned an error: (500) Internal Server Error.
[22-Nov-2017 07:57:13.072] Downloading rates for IFCI LTD
[22-Nov-2017 07:57:14.314] The remote server returned an error: (500) Internal Server Error.
[22-Nov-2017 07:57:16.222] Downloading rates for IFCI LTD
[22-Nov-2017 07:57:21.137] Downloading rates for IL&FS TRANSPORTATION NETWORKS LTD
[22-Nov-2017 07:57:21.887] The remote server returned an error: (503) Server Unavailable.
[22-Nov-2017 07:57:23.227] Downloading rates for IL&FS TRANSPORTATION NETWORKS LTD
[22-Nov-2017 07:57:32.892] The remote server returned an error: (500) Internal Server Error.
[22-Nov-2017 07:57:53.524] The remote server returned an error: (500) Internal Server Error.
[22-Nov-2017 07:58:08.634] Downloading rates for PTC INDIA FINANCIAL SERVICES LTD
[22-Nov-2017 07:58:09.567] The remote server returned an error: (500) Internal Server Error.
[22-Nov-2017 07:58:10.934] Downloading rates for PTC INDIA FINANCIAL SERVICES LTD
[22-Nov-2017 08:07:18.812] Downloading rates for GVK POWER & INFRASTRUCTURE LTD
[22-Nov-2017 09:07:33.200] The remote server returned an error: (500) Internal Server Error.
[22-Nov-2017 09:07:36.655] The remote server returned an error: (500) Internal Server Error.
[22-Nov-2017 09:07:41.563] The remote server returned an error: (503) Server Unavailable.
[22-Nov-2017 09:07:41.998] The remote server returned an error: (503) Server Unavailable.
[22-Nov-2017 09:07:45.998] The remote server returned an error: (500) Internal Server Error.
[22-Nov-2017 09:07:46.953] The remote server returned an error: (503) Server Unavailable.
