[21-Dec-2017 04:36:52.536] DoubleM GUI starting..
[21-Dec-2017 04:37:02.559] The remote server returned an error: (503) Server Unavailable.
[21-Dec-2017 04:37:13.632] The remote server returned an error: (500) Internal Server Error.
[21-Dec-2017 04:37:19.681] The remote server returned an error: (500) Internal Server Error.
[21-Dec-2017 04:37:38.231] The remote server returned an error: (500) Internal Server Error.
[21-Dec-2017 04:37:39.016] The remote server returned an error: (500) Internal Server Error.
[21-Dec-2017 04:37:40.931] The remote server returned an error: (503) Server Unavailable.
[21-Dec-2017 04:52:45.769] The remote server returned an error: (503) Server Unavailable.
[21-Dec-2017 04:52:49.936] Downloading rates for SHREE RENUKA SUGARS
[21-Dec-2017 04:52:56.844] Downloading rates for JAIPRAKASH HYDRO-POWER LTD
[21-Dec-2017 04:52:59.054] Downloading rates for SYNDICATE BANK
[21-Dec-2017 04:53:02.666] Downloading rates for HIMADRI SPECIALITY CHEMICALS LTD
[21-Dec-2017 04:53:05.664] Downloading rates for HIMADRI SPECIALITY CHEMICALS LTD
[21-Dec-2017 04:58:25.971] DoubleM GUI starting..
[21-Dec-2017 04:58:33.134] Downloading rates for 3I INFOTECH LTD
[21-Dec-2017 04:58:36.266] Downloading rates for ABAN OFFSHORE LTD
[21-Dec-2017 04:58:40.151] Downloading rates for ALLAHABAD BANK
[21-Dec-2017 04:58:43.921] Downloading rates for ALOK INDUSTRIES LTD
[21-Dec-2017 04:58:48.361] Downloading rates for ALPS INDUSTRIES
[21-Dec-2017 04:58:52.584] Downloading rates for BAJAJ HINDUSTAN LTD
[21-Dec-2017 04:59:07.641] Downloading rates for BANK OF BARODA
[21-Dec-2017 04:59:11.074] Downloading rates for BHEL
[21-Dec-2017 04:59:14.321] Downloading rates for BHUSHAN STEEL
[21-Dec-2017 04:59:19.551] Downloading rates for BLB LIMITED
[21-Dec-2017 04:59:23.359] Downloading rates for BURNPUR CEMENT LTD
[21-Dec-2017 04:59:36.826] Downloading rates for CANARA BANK
[21-Dec-2017 04:59:40.216] Downloading rates for COAL INDIA LTD
[21-Dec-2017 04:59:41.026] The remote server returned an error: (500) Internal Server Error.
[21-Dec-2017 04:59:42.956] Downloading rates for COAL INDIA LTD
[21-Dec-2017 04:59:44.684] The remote server returned an error: (503) Server Unavailable.
[21-Dec-2017 04:59:46.976] Downloading rates for COAL INDIA LTD
[21-Dec-2017 04:59:49.286] Downloading rates for DR. REDDY'S LABORATORIES
[21-Dec-2017 04:59:52.896] Downloading rates for FORCE MOTORS LTD
[21-Dec-2017 04:59:55.496] Downloading rates for FUTURE CONSUMER LTD
[21-Dec-2017 04:59:58.486] Downloading rates for GVK POWER & INFRASTRUCTURE LTD
[21-Dec-2017 05:00:01.544] Downloading rates for HDFC - PRUDENCE FUND-RG DIV PAYOUT-OPEN ENDED
[21-Dec-2017 05:00:03.114] Downloading rates for HIMADRI SPECIALITY CHEMICALS LTD
[21-Dec-2017 05:00:09.111] Downloading rates for HINDUSTAN ORGANIC CH
[21-Dec-2017 05:00:18.186] Downloading rates for ICICI BANK LTD
[21-Dec-2017 05:00:22.444] Downloading rates for IDBI BANK LIMITED
[21-Dec-2017 05:00:28.719] Downloading rates for IDFC BANK LIMITED
[21-Dec-2017 05:00:32.944] Downloading rates for IDFC LTD
[21-Dec-2017 05:00:35.764] Downloading rates for IFCI LTD
[21-Dec-2017 05:00:39.679] Downloading rates for IL&FS TRANSPORTATION NETWORKS LTD
[21-Dec-2017 05:00:43.084] Downloading rates for INDIA CEMENTS LTD
[21-Dec-2017 05:01:00.541] Downloading rates for INDIAN OVERSEAS BANK
[21-Dec-2017 05:01:05.679] Downloading rates for INFOSYS TECHNOLOGIES LTD
[21-Dec-2017 05:01:08.839] Downloading rates for ITC LTD
[21-Dec-2017 05:01:09.636] The remote server returned an error: (503) Server Unavailable.
[21-Dec-2017 05:01:11.206] Downloading rates for ITC LTD
[21-Dec-2017 05:01:14.801] Downloading rates for IVRCL INFRAST
[21-Dec-2017 05:01:15.576] The remote server returned an error: (503) Server Unavailable.
[21-Dec-2017 05:01:17.031] Downloading rates for IVRCL INFRAST
[21-Dec-2017 05:01:17.829] The remote server returned an error: (500) Internal Server Error.
[21-Dec-2017 05:01:20.099] Downloading rates for IVRCL INFRAST
[21-Dec-2017 05:01:22.749] Downloading rates for JAIPRAKASH ASSOCIATES LTD
[21-Dec-2017 05:01:26.269] Downloading rates for JAIPRAKASH HYDRO-POWER LTD
[21-Dec-2017 05:01:29.236] Downloading rates for KIRLOSKAR ELECTRIC COMP LTD
[21-Dec-2017 05:01:31.786] Downloading rates for LARSEN & TOUBRO LTD
[21-Dec-2017 05:01:34.481] Downloading rates for LUPIN LTD
[21-Dec-2017 05:01:35.349] The remote server returned an error: (500) Internal Server Error.
[21-Dec-2017 05:01:36.631] Downloading rates for LUPIN LTD
[21-Dec-2017 05:01:39.451] Downloading rates for MARICO INDUSTRIES LTD
[21-Dec-2017 05:01:43.386] Downloading rates for NEYVELI LIGNITE CORPORATION LTD
[21-Dec-2017 05:01:44.274] The remote server returned an error: (500) Internal Server Error.
[21-Dec-2017 05:01:45.566] Downloading rates for NEYVELI LIGNITE CORPORATION LTD
[21-Dec-2017 05:01:48.916] Downloading rates for OIL & NATURAL GAS CORPORATION LTD
[21-Dec-2017 05:01:56.301] Downloading rates for POWER TRADING CORPORATION
[21-Dec-2017 05:01:59.434] Downloading rates for PTC INDIA FINANCIAL SERVICES LTD
[21-Dec-2017 05:02:09.096] Downloading rates for PUNJ LLOYD
[21-Dec-2017 05:02:12.189] Downloading rates for RELIANCE CPSE ETF - REGULAR PLAN
[21-Dec-2017 05:02:15.284] Downloading rates for RELIANCE IND
[21-Dec-2017 05:02:18.236] Downloading rates for RELIANCE POWER LIMITED
[21-Dec-2017 05:02:21.016] Downloading rates for ROLTA INDIA
[21-Dec-2017 05:02:23.889] Downloading rates for SEL Manufacturing
[21-Dec-2017 05:02:26.534] Downloading rates for SHREE RENUKA SUGARS
[21-Dec-2017 05:02:29.609] Downloading rates for SINTEX INDUSTRIES LTD
[21-Dec-2017 05:02:32.754] Downloading rates for SOUTH INDIAN BANK LTD
[21-Dec-2017 05:02:36.031] Downloading rates for STATE BANK OF INDIA
[21-Dec-2017 05:02:39.639] Downloading rates for STERLING BIOTECH LTD
[21-Dec-2017 05:02:45.256] Downloading rates for SUZLON ENERGY LIMITED
[21-Dec-2017 05:02:48.746] Downloading rates for SYNDICATE BANK
[21-Dec-2017 05:02:51.531] Downloading rates for TATA TELESERVICES(MAHARASHTRA) LTD
[21-Dec-2017 05:02:58.611] Downloading rates for UNITECH LIMITED
[21-Dec-2017 05:03:01.746] Downloading rates for VEDANTA LIMITED
[21-Dec-2017 06:40:33.346] The remote server returned an error: (500) Internal Server Error.
[21-Dec-2017 06:40:37.132] Downloading rates for BHUSHAN STEEL
[21-Dec-2017 06:40:59.561] The remote server returned an error: (500) Internal Server Error.
[21-Dec-2017 06:40:59.817] The remote server returned an error: (503) Server Unavailable.
[21-Dec-2017 06:41:23.130] Downloading rates for KIRLOSKAR ELECTRIC COMP LTD
[21-Dec-2017 06:41:25.299] Downloading rates for LARSEN & TOUBRO LTD
[21-Dec-2017 06:41:31.443] The remote server returned an error: (500) Internal Server Error.
[21-Dec-2017 06:41:35.785] The remote server returned an error: (500) Internal Server Error.
[21-Dec-2017 06:41:36.611] The remote server returned an error: (503) Server Unavailable.
[21-Dec-2017 06:41:39.951] Downloading rates for RELIANCE IND
[21-Dec-2017 06:41:40.496] The remote server returned an error: (503) Server Unavailable.
[21-Dec-2017 06:41:42.450] Downloading rates for ROLTA INDIA
[21-Dec-2017 06:41:43.938] Downloading rates for RELIANCE IND
[21-Dec-2017 06:41:45.823] Downloading rates for NEYVELI LIGNITE CORPORATION LTD
[21-Dec-2017 06:41:53.172] The remote server returned an error: (500) Internal Server Error.
[21-Dec-2017 06:41:59.546] Downloading rates for STATE BANK OF INDIA
[21-Dec-2017 06:47:39.018] Downloading rates for HIMADRI SPECIALITY CHEMICALS LTD
[21-Dec-2017 07:38:01.107] The remote server returned an error: (503) Server Unavailable.
[21-Dec-2017 07:38:07.129] Downloading rates for CANARA BANK
[21-Dec-2017 07:38:14.957] The remote server returned an error: (503) Server Unavailable.
[21-Dec-2017 07:38:17.574] The remote server returned an error: (503) Server Unavailable.
[21-Dec-2017 07:38:18.939] The remote server returned an error: (500) Internal Server Error.
[21-Dec-2017 07:38:32.817] Downloading rates for IL&FS TRANSPORTATION NETWORKS LTD
[21-Dec-2017 07:38:42.227] The remote server returned an error: (500) Internal Server Error.
[21-Dec-2017 07:38:47.997] The remote server returned an error: (503) Server Unavailable.
[21-Dec-2017 07:38:51.882] Downloading rates for MARICO INDUSTRIES LTD
[21-Dec-2017 07:38:52.672] The remote server returned an error: (500) Internal Server Error.
[21-Dec-2017 07:38:54.047] Downloading rates for MARICO INDUSTRIES LTD
[21-Dec-2017 07:38:57.494] Downloading rates for INFOSYS TECHNOLOGIES LTD
[21-Dec-2017 07:39:23.197] Downloading rates for SOUTH INDIAN BANK LTD
[21-Dec-2017 07:39:26.394] Downloading rates for STATE BANK OF INDIA
[21-Dec-2017 07:51:37.829] DoubleM GUI starting..
[21-Dec-2017 07:51:48.754] Downloading rates for ITC LTD
[21-Dec-2017 08:01:44.661] Downloading rates for 3I INFOTECH LTD
[21-Dec-2017 08:05:00.955] The remote server returned an error: (500) Internal Server Error.
[21-Dec-2017 08:05:06.922] The remote server returned an error: (503) Server Unavailable.
[21-Dec-2017 08:05:09.767] Downloading rates for BHUSHAN STEEL
[21-Dec-2017 08:05:12.402] Downloading rates for ALLAHABAD BANK
[21-Dec-2017 08:05:18.850] Downloading rates for BURNPUR CEMENT LTD
[21-Dec-2017 08:05:21.542] Downloading rates for CANARA BANK
[21-Dec-2017 08:05:25.810] Downloading rates for COAL INDIA LTD
[21-Dec-2017 08:05:27.825] Downloading rates for DR. REDDY'S LABORATORIES
[21-Dec-2017 08:05:29.945] Downloading rates for FORCE MOTORS LTD
[21-Dec-2017 08:05:32.667] Downloading rates for FUTURE CONSUMER LTD
[21-Dec-2017 08:05:35.210] Downloading rates for GVK POWER & INFRASTRUCTURE LTD
[21-Dec-2017 08:05:37.437] Downloading rates for HDFC - PRUDENCE FUND-RG DIV PAYOUT-OPEN ENDED
[21-Dec-2017 08:05:39.592] Downloading rates for HDFC - PRUDENCE FUND-RG DIV PAYOUT-OPEN ENDED
[21-Dec-2017 08:05:41.372] Downloading rates for HDFC - PRUDENCE FUND-RG DIV PAYOUT-OPEN ENDED
[21-Dec-2017 08:05:43.277] Downloading rates for HIMADRI SPECIALITY CHEMICALS LTD
[21-Dec-2017 08:05:46.480] Downloading rates for HINDUSTAN ORGANIC CH
[21-Dec-2017 08:05:48.727] Downloading rates for ICICI BANK LTD
[21-Dec-2017 08:05:51.332] Downloading rates for IDBI BANK LIMITED
[21-Dec-2017 08:05:54.052] Downloading rates for IDFC BANK LIMITED
[21-Dec-2017 08:05:58.475] Downloading rates for IDFC LTD
[21-Dec-2017 08:06:01.322] Downloading rates for IFCI LTD
[21-Dec-2017 08:06:10.710] Downloading rates for IL&FS TRANSPORTATION NETWORKS LTD
[21-Dec-2017 08:06:23.677] Downloading rates for IVRCL INFRAST
[21-Dec-2017 08:06:38.785] Downloading rates for PUNJ LLOYD
[21-Dec-2017 08:06:40.982] Downloading rates for RELIANCE CPSE ETF - REGULAR PLAN
[21-Dec-2017 08:06:58.412] Downloading rates for STATE BANK OF INDIA
[21-Dec-2017 08:28:03.233] Downloading rates for TATA TELESERVICES(MAHARASHTRA) LTD
[21-Dec-2017 08:28:14.356] Downloading rates for LUPIN LTD
[21-Dec-2017 08:28:20.641] Downloading rates for HIMADRI SPECIALITY CHEMICALS LTD
[21-Dec-2017 08:28:22.061] The remote server returned an error: (500) Internal Server Error.
[21-Dec-2017 08:28:23.671] Downloading rates for HIMADRI SPECIALITY CHEMICALS LTD
[21-Dec-2017 08:28:36.608] Downloading rates for BAJAJ HINDUSTAN LTD
[21-Dec-2017 08:28:39.783] Downloading rates for SOUTH INDIAN BANK LTD
[21-Dec-2017 08:28:40.651] The remote server returned an error: (500) Internal Server Error.
[21-Dec-2017 08:28:44.053] Downloading rates for SYNDICATE BANK
[21-Dec-2017 08:28:48.916] Downloading rates for ICICI BANK LTD
[21-Dec-2017 08:30:05.283] Downloading rates for IL&FS TRANSPORTATION NETWORKS LTD
[21-Dec-2017 08:30:08.798] Downloading rates for IL&FS TRANSPORTATION NETWORKS LTD
[21-Dec-2017 09:15:37.630] The remote server returned an error: (500) Internal Server Error.
[21-Dec-2017 09:15:39.865] The remote server returned an error: (500) Internal Server Error.
[21-Dec-2017 09:15:41.077] The remote server returned an error: (503) Server Unavailable.
[21-Dec-2017 09:15:43.840] The remote server returned an error: (503) Server Unavailable.
[21-Dec-2017 09:16:06.832] Downloading rates for ICICI BANK LTD
[21-Dec-2017 09:16:07.955] The remote server returned an error: (503) Server Unavailable.
[21-Dec-2017 09:16:17.760] The remote server returned an error: (503) Server Unavailable.
[21-Dec-2017 09:16:33.932] Downloading rates for POWER TRADING CORPORATION
[21-Dec-2017 09:16:38.855] The remote server returned an error: (500) Internal Server Error.
[21-Dec-2017 09:16:57.700] The remote server returned an error: (503) Server Unavailable.
[21-Dec-2017 09:17:02.285] Downloading rates for SYNDICATE BANK
[21-Dec-2017 09:17:18.487] Downloading rates for IFCI LTD
