[05-Dec-2017 04:00:56.612] DoubleM GUI starting..
[05-Dec-2017 04:18:03.792] Downloading rates for TATA TELESERVICES(MAHARASHTRA) LTD
[05-Dec-2017 04:18:06.003] Downloading rates for BHUSHAN STEEL
[05-Dec-2017 04:18:08.163] Downloading rates for STERLING BIOTECH LTD
[05-Dec-2017 04:22:58.515] Downloading rates for TATA TELESERVICES(MAHARASHTRA) LTD
[05-Dec-2017 04:23:00.995] Downloading rates for BHUSHAN STEEL
[05-Dec-2017 04:23:02.930] Downloading rates for STERLING BIOTECH LTD
[05-Dec-2017 04:23:12.403] Downloading rates for TATA TELESERVICES(MAHARASHTRA) LTD
[05-Dec-2017 04:23:14.321] Downloading rates for BHUSHAN STEEL
[05-Dec-2017 04:23:16.507] Downloading rates for STERLING BIOTECH LTD
[05-Dec-2017 04:23:18.523] Downloading rates for BHUSHAN STEEL
[05-Dec-2017 04:25:51.987] Downloading rates for BHUSHAN STEEL
[05-Dec-2017 05:08:43.355] Downloading rates for BHUSHAN STEEL
[05-Dec-2017 05:08:46.075] Downloading rates for STERLING BIOTECH LTD
[05-Dec-2017 05:08:57.691] Downloading rates for HIMADRI SPECIALITY CHEMICALS LTD
[05-Dec-2017 06:28:42.624] DoubleM GUI starting..
[05-Dec-2017 06:29:01.044] The remote server returned an error: (503) Server Unavailable.
[05-Dec-2017 06:29:06.304] The remote server returned an error: (500) Internal Server Error.
[05-Dec-2017 06:29:26.934] Downloading rates for INDIA CEMENTS LTD
[05-Dec-2017 06:30:12.682] The remote server returned an error: (500) Internal Server Error.
[05-Dec-2017 06:32:13.804] Downloading rates for NEYVELI LIGNITE CORPORATION LTD
[05-Dec-2017 07:08:39.372] Downloading rates for FUTURE CONSUMER LTD
[05-Dec-2017 07:08:41.692] Downloading rates for BAJAJ HINDUSTAN LTD
[05-Dec-2017 07:08:44.327] Downloading rates for BHUSHAN STEEL
[05-Dec-2017 07:08:47.907] Downloading rates for STERLING BIOTECH LTD
[05-Dec-2017 07:08:50.289] Downloading rates for SHREE RENUKA SUGARS
[05-Dec-2017 07:48:23.933] DoubleM GUI starting..
[05-Dec-2017 07:48:29.113] Downloading rates for 3I INFOTECH LTD
[05-Dec-2017 07:48:32.953] Downloading rates for ABAN OFFSHORE LTD
[05-Dec-2017 07:48:35.245] Downloading rates for ALLAHABAD BANK
[05-Dec-2017 07:48:37.520] Downloading rates for ALOK INDUSTRIES LTD
[05-Dec-2017 07:48:38.285] The remote server returned an error: (503) Server Unavailable.
[05-Dec-2017 07:48:39.950] Downloading rates for ALOK INDUSTRIES LTD
[05-Dec-2017 07:48:42.335] Downloading rates for ALPS INDUSTRIES
[05-Dec-2017 07:48:44.725] Downloading rates for BAJAJ HINDUSTAN LTD
[05-Dec-2017 07:48:46.980] Downloading rates for BANK OF BARODA
[05-Dec-2017 07:48:50.220] Downloading rates for BHEL
[05-Dec-2017 07:48:54.208] Downloading rates for BHUSHAN STEEL
[05-Dec-2017 07:48:56.788] Downloading rates for BLB LIMITED
[05-Dec-2017 07:49:09.868] Downloading rates for BURNPUR CEMENT LTD
[05-Dec-2017 07:49:12.925] Downloading rates for CANARA BANK
[05-Dec-2017 07:49:20.058] Downloading rates for COAL INDIA LTD
[05-Dec-2017 07:49:23.500] Downloading rates for DR. REDDY'S LABORATORIES
[05-Dec-2017 07:49:26.500] Downloading rates for FORCE MOTORS LTD
[05-Dec-2017 07:50:13.835] Downloading rates for FUTURE CONSUMER LTD
[05-Dec-2017 07:50:17.493] Downloading rates for GVK POWER & INFRASTRUCTURE LTD
[05-Dec-2017 07:50:21.718] Downloading rates for HIMADRI SPECIALITY CHEMICALS LTD
[05-Dec-2017 07:50:25.740] Downloading rates for HINDUSTAN ORGANIC CH
[05-Dec-2017 07:50:29.788] Downloading rates for ICICI BANK LTD
[05-Dec-2017 07:50:34.383] Downloading rates for IDBI BANK LIMITED
[05-Dec-2017 07:50:39.248] Downloading rates for IDFC BANK LIMITED
[05-Dec-2017 07:50:41.815] Downloading rates for IDFC LTD
[05-Dec-2017 07:50:44.100] Downloading rates for IFCI LTD
[05-Dec-2017 07:50:46.603] Downloading rates for IL&FS TRANSPORTATION NETWORKS LTD
[05-Dec-2017 07:50:50.648] Downloading rates for INDIA CEMENTS LTD
[05-Dec-2017 07:50:54.458] Downloading rates for INDIAN OVERSEAS BANK
[05-Dec-2017 07:50:58.203] Downloading rates for INFOSYS TECHNOLOGIES LTD
[05-Dec-2017 07:51:08.410] Downloading rates for ITC LTD
[05-Dec-2017 07:51:10.165] The remote server returned an error: (500) Internal Server Error.
[05-Dec-2017 07:51:11.768] Downloading rates for ITC LTD
[05-Dec-2017 07:51:15.620] Downloading rates for IVRCL INFRAST
[05-Dec-2017 07:51:19.380] Downloading rates for JAIPRAKASH ASSOCIATES LTD
[05-Dec-2017 07:51:26.085] Downloading rates for JAIPRAKASH HYDRO-POWER LTD
[05-Dec-2017 07:51:31.360] Downloading rates for KIRLOSKAR ELECTRIC COMP LTD
[05-Dec-2017 07:51:34.258] Downloading rates for LARSEN & TOUBRO LTD
[05-Dec-2017 07:51:37.208] Downloading rates for LUPIN LTD
[05-Dec-2017 07:51:41.178] Downloading rates for MARICO INDUSTRIES LTD
[05-Dec-2017 07:51:43.940] Downloading rates for NEYVELI LIGNITE CORPORATION LTD
[05-Dec-2017 07:51:46.865] Downloading rates for OIL & NATURAL GAS CORPORATION LTD
[05-Dec-2017 07:51:50.370] Downloading rates for POWER TRADING CORPORATION
[05-Dec-2017 07:51:53.263] Downloading rates for PTC INDIA FINANCIAL SERVICES LTD
[05-Dec-2017 07:51:56.128] Downloading rates for PUNJ LLOYD
[05-Dec-2017 07:51:58.900] Downloading rates for RELIANCE CPSE ETF - REGULAR PLAN
[05-Dec-2017 07:52:04.860] Downloading rates for RELIANCE IND
[05-Dec-2017 07:52:15.568] Downloading rates for RELIANCE POWER LIMITED
[05-Dec-2017 07:52:20.933] Downloading rates for ROLTA INDIA
[05-Dec-2017 07:52:24.373] Downloading rates for SEL Manufacturing
[05-Dec-2017 07:52:27.690] Downloading rates for SHREE RENUKA SUGARS
[05-Dec-2017 07:52:34.488] Downloading rates for SINTEX INDUSTRIES LTD
[05-Dec-2017 07:52:40.718] Downloading rates for SOUTH INDIAN BANK LTD
[05-Dec-2017 07:52:48.370] Downloading rates for STATE BANK OF INDIA
[05-Dec-2017 07:52:58.555] Downloading rates for STERLING BIOTECH LTD
[05-Dec-2017 07:53:07.173] Downloading rates for SUZLON ENERGY LIMITED
[05-Dec-2017 07:53:19.135] Downloading rates for SYNDICATE BANK
[05-Dec-2017 07:53:22.998] Downloading rates for TATA TELESERVICES(MAHARASHTRA) LTD
[05-Dec-2017 07:53:26.208] Downloading rates for UNITECH LIMITED
[05-Dec-2017 07:53:29.245] Downloading rates for VEDANTA LIMITED
[05-Dec-2017 08:09:25.824] Downloading rates for UNITECH LIMITED
