[01-Dec-2017 01:23:05.717] DoubleM GUI starting..
[01-Dec-2017 01:24:25.942] Downloading rates for FUTURE CONSUMER LTD
[01-Dec-2017 01:24:26.942] The remote server returned an error: (500) Internal Server Error.
[01-Dec-2017 05:04:38.278] DoubleM GUI starting..
[01-Dec-2017 05:04:53.921] The remote server returned an error: (500) Internal Server Error.
[01-Dec-2017 05:04:57.903] The remote server returned an error: (503) Server Unavailable.
[01-Dec-2017 05:05:11.934] The remote server returned an error: (503) Server Unavailable.
[01-Dec-2017 05:05:19.757] The remote server returned an error: (500) Internal Server Error.
[01-Dec-2017 05:05:21.890] The remote server returned an error: (503) Server Unavailable.
[01-Dec-2017 05:11:35.546] Downloading rates for IDBI BANK LIMITED
[01-Dec-2017 05:11:37.529] Downloading rates for GVK POWER & INFRASTRUCTURE LTD
[01-Dec-2017 05:11:39.872] Downloading rates for RELIANCE POWER LIMITED
[01-Dec-2017 05:11:41.721] Downloading rates for SEL Manufacturing
[01-Dec-2017 05:11:43.908] Downloading rates for RELIANCE POWER LIMITED
[01-Dec-2017 05:12:00.739] Downloading rates for SEL Manufacturing
[01-Dec-2017 05:31:52.421] Downloading rates for RELIANCE POWER LIMITED
[01-Dec-2017 05:31:55.471] Downloading rates for SEL Manufacturing
[01-Dec-2017 06:24:14.271] DoubleM GUI starting..
[01-Dec-2017 06:25:36.257] Downloading rates for LUPIN LTD
[01-Dec-2017 06:30:52.905] Downloading rates for JAIPRAKASH ASSOCIATES LTD
[01-Dec-2017 06:30:55.146] Downloading rates for IL&FS TRANSPORTATION NETWORKS LTD
[01-Dec-2017 06:30:57.210] Downloading rates for IDFC BANK LIMITED
[01-Dec-2017 06:30:59.882] Downloading rates for JAIPRAKASH ASSOCIATES LTD
[01-Dec-2017 06:42:27.511] Downloading rates for PTC INDIA FINANCIAL SERVICES LTD
[01-Dec-2017 06:42:39.983] Downloading rates for INDIA CEMENTS LTD
[01-Dec-2017 07:43:25.616] Downloading rates for LUPIN LTD
[01-Dec-2017 08:13:26.420] Downloading rates for BHUSHAN STEEL
[01-Dec-2017 08:13:40.592] The remote server returned an error: (503) Server Unavailable.
[01-Dec-2017 08:13:56.760] The remote server returned an error: (503) Server Unavailable.
[01-Dec-2017 08:14:21.184] The remote server returned an error: (503) Server Unavailable.
[01-Dec-2017 08:39:56.255] Downloading rates for SEL Manufacturing
[01-Dec-2017 08:41:13.594] The remote server returned an error: (500) Internal Server Error.
