[27-Nov-2017 03:20:47.940] DoubleM GUI starting..
[27-Nov-2017 03:21:47.911] Downloading rates for INFOSYS TECHNOLOGIES LTD
[27-Nov-2017 03:34:44.751] Downloading rates for BLB LIMITED
[27-Nov-2017 03:34:46.558] Downloading rates for ALPS INDUSTRIES
[27-Nov-2017 03:35:20.358] Downloading rates for FUTURE CONSUMER LTD
[27-Nov-2017 03:35:34.054] Downloading rates for ALOK INDUSTRIES LTD
[27-Nov-2017 03:35:42.902] Downloading rates for LUPIN LTD
[27-Nov-2017 03:36:01.847] Downloading rates for BLB LIMITED
[27-Nov-2017 03:36:04.078] Downloading rates for ALPS INDUSTRIES
[27-Nov-2017 03:36:11.056] Downloaded rate is not the latest - ALPS INDUSTRIES 4.70 24/11/2017 3:05:06 PM
[27-Nov-2017 03:36:11.056] Downloaded rate is not the latest - BLB LIMITED 7.55 24/11/2017 12:36:10 PM
[27-Nov-2017 06:38:36.191] DoubleM GUI starting..
[27-Nov-2017 07:15:40.294] DoubleM GUI starting..
[27-Nov-2017 08:36:48.439] DoubleM GUI starting..
[27-Nov-2017 08:37:26.999] The remote server returned an error: (500) Internal Server Error.
[27-Nov-2017 08:37:47.316] The remote server returned an error: (500) Internal Server Error.
[27-Nov-2017 08:38:22.326] The remote server returned an error: (500) Internal Server Error.
[27-Nov-2017 08:49:40.601] Downloading rates for TATA TELESERVICES(MAHARASHTRA) LTD
[27-Nov-2017 08:49:46.886] Downloading rates for BANK OF BARODA
[27-Nov-2017 08:49:52.938] Downloading rates for KIRLOSKAR ELECTRIC COMP LTD
[27-Nov-2017 08:50:06.013] Downloading rates for BAJAJ HINDUSTAN LTD
[27-Nov-2017 08:50:52.773] Downloading rates for FUTURE CONSUMER LTD
[27-Nov-2017 08:51:04.761] Downloading rates for HIMADRI SPECIALITY CHEMICALS LTD
[27-Nov-2017 08:51:08.623] Downloading rates for GVK POWER & INFRASTRUCTURE LTD
[27-Nov-2017 08:51:11.706] Downloading rates for RELIANCE IND
[27-Nov-2017 10:05:43.321] The remote server returned an error: (500) Internal Server Error.
[27-Nov-2017 10:05:46.968] The remote server returned an error: (503) Server Unavailable.
[27-Nov-2017 10:05:55.916] The remote server returned an error: (500) Internal Server Error.
[27-Nov-2017 10:06:02.031] The remote server returned an error: (500) Internal Server Error.
