[20-Dec-2017 10:32:41.688] DoubleM GUI starting..
[20-Dec-2017 03:08:42.525] DoubleM GUI starting..
[20-Dec-2017 03:09:51.072] Downloading rates for IFCI LTD
[20-Dec-2017 03:09:53.592] Downloading rates for IL&FS TRANSPORTATION NETWORKS LTD
[20-Dec-2017 03:09:57.752] Downloading rates for INDIA CEMENTS LTD
[20-Dec-2017 03:17:11.947] Downloading rates for NEYVELI LIGNITE CORPORATION LTD
[20-Dec-2017 03:17:14.250] Downloading rates for OIL & NATURAL GAS CORPORATION LTD
[20-Dec-2017 03:17:16.772] Downloading rates for POWER TRADING CORPORATION
[20-Dec-2017 03:17:18.367] Downloading rates for PTC INDIA FINANCIAL SERVICES LTD
[20-Dec-2017 03:17:20.174] Downloading rates for PUNJ LLOYD
[20-Dec-2017 03:17:22.102] Downloading rates for RELIANCE CPSE ETF - REGULAR PLAN
[20-Dec-2017 03:17:25.382] Downloading rates for RELIANCE IND
[20-Dec-2017 03:17:27.867] Downloading rates for RELIANCE POWER LIMITED
[20-Dec-2017 03:17:30.914] Downloading rates for ROLTA INDIA
[20-Dec-2017 03:17:41.492] Downloading rates for SEL Manufacturing
[20-Dec-2017 03:17:45.734] Downloading rates for SHREE RENUKA SUGARS
[20-Dec-2017 03:17:47.812] Downloading rates for SINTEX INDUSTRIES LTD
[20-Dec-2017 03:17:50.507] Downloading rates for SOUTH INDIAN BANK LTD
[20-Dec-2017 03:17:53.774] Downloading rates for STATE BANK OF INDIA
[20-Dec-2017 03:17:57.229] Downloading rates for STERLING BIOTECH LTD
[20-Dec-2017 03:17:59.312] Downloading rates for SUZLON ENERGY LIMITED
[20-Dec-2017 03:18:02.014] Downloading rates for SYNDICATE BANK
[20-Dec-2017 03:18:04.502] Downloading rates for TATA TELESERVICES(MAHARASHTRA) LTD
[20-Dec-2017 03:18:08.589] Downloading rates for UNITECH LIMITED
[20-Dec-2017 03:18:28.441] Downloading rates for VEDANTA LIMITED
[20-Dec-2017 03:20:47.441] Downloading rates for BLB LIMITED
[20-Dec-2017 03:32:28.023] Downloading rates for BANK OF BARODA
[20-Dec-2017 03:32:32.340] Downloading rates for BHUSHAN STEEL
[20-Dec-2017 03:32:36.128] Downloading rates for BLB LIMITED
[20-Dec-2017 03:32:45.083] Downloading rates for FUTURE CONSUMER LTD
[20-Dec-2017 03:33:33.620] Downloading rates for BLB LIMITED
[20-Dec-2017 03:33:36.188] Downloading rates for BLB LIMITED
[20-Dec-2017 03:42:42.051] Downloading rates for BLB LIMITED
[20-Dec-2017 03:42:50.143] Downloading rates for BLB LIMITED
[20-Dec-2017 03:42:53.476] Downloading rates for ICICI BANK LTD
[20-Dec-2017 03:51:12.531] Downloading rates for HDFC - PRUDENCE FUND-RG DIV PAYOUT-OPEN ENDED
[20-Dec-2017 03:51:14.107] Downloading rates for BLB LIMITED
[20-Dec-2017 05:16:08.236] DoubleM GUI starting..
[20-Dec-2017 05:16:15.862] Downloading rates for FUTURE CONSUMER LTD
[20-Dec-2017 05:17:31.665] Downloading rates for ITC LTD
[20-Dec-2017 05:17:47.365] Downloading rates for POWER TRADING CORPORATION
[20-Dec-2017 05:17:49.501] Downloading rates for PTC INDIA FINANCIAL SERVICES LTD
[20-Dec-2017 05:17:52.237] Downloading rates for PUNJ LLOYD
[20-Dec-2017 05:47:05.551] Downloading rates for FUTURE CONSUMER LTD
[20-Dec-2017 05:47:16.076] Downloading rates for BLB LIMITED
[20-Dec-2017 05:47:19.575] Downloading rates for BURNPUR CEMENT LTD
[20-Dec-2017 05:47:27.445] Downloading rates for SINTEX INDUSTRIES LTD
[20-Dec-2017 06:56:34.758] DoubleM GUI starting..
[20-Dec-2017 06:56:52.023] The remote server returned an error: (500) Internal Server Error.
[20-Dec-2017 06:56:54.886] The remote server returned an error: (503) Server Unavailable.
[20-Dec-2017 06:57:03.081] Downloading rates for FORCE MOTORS LTD
[20-Dec-2017 06:57:13.836] Downloading rates for FUTURE CONSUMER LTD
[20-Dec-2017 06:57:17.111] Downloading rates for GVK POWER & INFRASTRUCTURE LTD
[20-Dec-2017 06:57:20.068] Downloading rates for HDFC - PRUDENCE FUND-RG DIV PAYOUT-OPEN ENDED
[20-Dec-2017 06:57:22.908] Downloading rates for HIMADRI SPECIALITY CHEMICALS LTD
[20-Dec-2017 06:57:36.946] Downloading rates for IDFC BANK LIMITED
[20-Dec-2017 06:57:39.846] Downloading rates for IDFC LTD
[20-Dec-2017 06:57:42.731] Downloading rates for IFCI LTD
[20-Dec-2017 06:57:46.311] Downloading rates for IL&FS TRANSPORTATION NETWORKS LTD
[20-Dec-2017 06:57:47.168] The remote server returned an error: (500) Internal Server Error.
[20-Dec-2017 06:57:49.131] Downloading rates for IL&FS TRANSPORTATION NETWORKS LTD
[20-Dec-2017 06:57:49.883] The remote server returned an error: (500) Internal Server Error.
[20-Dec-2017 06:57:51.938] Downloading rates for IL&FS TRANSPORTATION NETWORKS LTD
[20-Dec-2017 06:57:59.383] The remote server returned an error: (500) Internal Server Error.
[20-Dec-2017 06:58:00.533] The remote server returned an error: (500) Internal Server Error.
[20-Dec-2017 06:58:03.051] The remote server returned an error: (503) Server Unavailable.
[20-Dec-2017 06:58:19.433] The remote server returned an error: (503) Server Unavailable.
[20-Dec-2017 06:58:22.698] Downloading rates for PTC INDIA FINANCIAL SERVICES LTD
[20-Dec-2017 06:58:25.083] Downloading rates for RELIANCE CPSE ETF - REGULAR PLAN
[20-Dec-2017 06:58:27.368] Downloading rates for RELIANCE IND
[20-Dec-2017 06:58:28.098] The remote server returned an error: (503) Server Unavailable.
[20-Dec-2017 06:58:41.398] Downloading rates for SOUTH INDIAN BANK LTD
[20-Dec-2017 06:58:48.586] Downloading rates for STATE BANK OF INDIA
[20-Dec-2017 08:11:43.412] Downloading rates for NEYVELI LIGNITE CORPORATION LTD
[20-Dec-2017 08:11:49.389] Downloading rates for POWER TRADING CORPORATION
[20-Dec-2017 08:11:52.972] Downloading rates for PTC INDIA FINANCIAL SERVICES LTD
[20-Dec-2017 08:11:57.454] Downloading rates for RELIANCE IND
[20-Dec-2017 08:12:01.689] Downloading rates for SINTEX INDUSTRIES LTD
[20-Dec-2017 08:12:02.352] The remote server returned an error: (503) Server Unavailable.
[20-Dec-2017 08:12:03.967] Downloading rates for SINTEX INDUSTRIES LTD
[20-Dec-2017 08:12:07.899] Downloading rates for STATE BANK OF INDIA
[20-Dec-2017 08:12:18.549] Downloading rates for BHUSHAN STEEL
[20-Dec-2017 08:58:01.267] The remote server returned an error: (500) Internal Server Error.
[20-Dec-2017 08:58:19.910] The remote server returned an error: (503) Server Unavailable.
[20-Dec-2017 08:58:22.657] The remote server returned an error: (500) Internal Server Error.
[20-Dec-2017 08:58:24.400] The remote server returned an error: (503) Server Unavailable.
[20-Dec-2017 08:58:33.280] The remote server returned an error: (500) Internal Server Error.
[20-Dec-2017 08:58:37.305] The remote server returned an error: (503) Server Unavailable.
[20-Dec-2017 09:04:08.224] The remote server returned an error: (500) Internal Server Error.
[20-Dec-2017 09:04:10.781] The remote server returned an error: (503) Server Unavailable.
[20-Dec-2017 09:04:19.829] The remote server returned an error: (500) Internal Server Error.
[20-Dec-2017 09:04:20.179] The remote server returned an error: (503) Server Unavailable.
[20-Dec-2017 09:04:26.509] The remote server returned an error: (500) Internal Server Error.
