[30-Nov-2017 10:15:34.510] DoubleM GUI starting..
[30-Nov-2017 10:26:30.127] Start loading frmCatGraph 
[30-Nov-2017 10:31:44.494] Downloading rates for POWER FINANCE CORPORATION LTD
[30-Nov-2017 10:32:09.198] Downloading rates for PTC INDIA FINANCIAL SERVICES LTD
[30-Nov-2017 03:40:33.603] DoubleM GUI starting..
[30-Nov-2017 03:46:40.816] Downloading rates for POWER FINANCE CORPORATION LTD
[30-Nov-2017 03:48:35.838] Downloading rates for POWER FINANCE CORPORATION LTD
[30-Nov-2017 03:48:39.646] Downloading rates for POWER FINANCE CORPORATION LTD
[30-Nov-2017 03:48:50.126] Downloading rates for POWER TRADING CORPORATION
[30-Nov-2017 03:56:32.302] Downloading rates for STERLING BIOTECH LTD
[30-Nov-2017 03:56:34.758] Downloading rates for UNITECH LIMITED
[30-Nov-2017 07:03:03.183] DoubleM GUI starting..
[30-Nov-2017 07:03:11.950] The remote server returned an error: (503) Server Unavailable.
[30-Nov-2017 07:03:18.055] The remote server returned an error: (500) Internal Server Error.
[30-Nov-2017 07:03:27.993] The remote server returned an error: (500) Internal Server Error.
[30-Nov-2017 07:03:31.045] Downloading rates for 3I INFOTECH LTD
[30-Nov-2017 07:03:37.015] Downloading rates for ICICI BANK LTD
[30-Nov-2017 07:03:49.478] Downloading rates for INDIA CEMENTS LTD
[30-Nov-2017 07:03:57.080] The remote server returned an error: (500) Internal Server Error.
[30-Nov-2017 07:04:13.618] The remote server returned an error: (503) Server Unavailable.
[30-Nov-2017 07:57:31.069] DoubleM GUI starting..
[30-Nov-2017 07:57:50.796] The remote server returned an error: (500) Internal Server Error.
[30-Nov-2017 07:57:55.026] The remote server returned an error: (503) Server Unavailable.
[30-Nov-2017 07:58:14.566] Downloading rates for IDFC LTD
[30-Nov-2017 07:58:17.474] Downloading rates for IFCI LTD
[30-Nov-2017 07:58:19.879] Downloading rates for IL&FS TRANSPORTATION NETWORKS LTD
[30-Nov-2017 07:58:22.669] Downloading rates for INDIA CEMENTS LTD
[30-Nov-2017 07:58:27.029] Downloading rates for INDIAN OVERSEAS BANK
[30-Nov-2017 07:58:29.461] Downloading rates for INFOSYS TECHNOLOGIES LTD
[30-Nov-2017 07:58:41.746] Downloading rates for LARSEN & TOUBRO LTD
[30-Nov-2017 07:58:43.959] Downloading rates for LUPIN LTD
[30-Nov-2017 07:58:46.306] Downloading rates for MARICO INDUSTRIES LTD
[30-Nov-2017 07:58:48.546] Downloading rates for NEYVELI LIGNITE CORPORATION LTD
[30-Nov-2017 07:58:50.634] Downloading rates for OIL & NATURAL GAS CORPORATION LTD
[30-Nov-2017 07:58:53.329] Downloading rates for POWER TRADING CORPORATION
[30-Nov-2017 07:58:55.404] Downloading rates for PTC INDIA FINANCIAL SERVICES LTD
[30-Nov-2017 07:58:58.736] Downloading rates for PUNJ LLOYD
[30-Nov-2017 07:59:01.906] Downloading rates for RELIANCE CPSE ETF - REGULAR PLAN
[30-Nov-2017 07:59:04.214] Downloading rates for RELIANCE IND
[30-Nov-2017 07:59:06.369] Downloading rates for RELIANCE POWER LIMITED
[30-Nov-2017 07:59:08.744] Downloading rates for ROLTA INDIA
[30-Nov-2017 07:59:10.916] Downloading rates for SEL Manufacturing
[30-Nov-2017 07:59:13.284] Downloading rates for SHREE RENUKA SUGARS
[30-Nov-2017 07:59:15.574] Downloading rates for SINTEX INDUSTRIES LTD
[30-Nov-2017 07:59:18.124] Downloading rates for SOUTH INDIAN BANK LTD
[30-Nov-2017 07:59:20.616] Downloading rates for STATE BANK OF INDIA
[30-Nov-2017 07:59:23.349] Downloading rates for STERLING BIOTECH LTD
[30-Nov-2017 07:59:26.516] Downloading rates for SUZLON ENERGY LIMITED
[30-Nov-2017 07:59:28.941] Downloading rates for SYNDICATE BANK
[30-Nov-2017 07:59:31.559] Downloading rates for TATA TELESERVICES(MAHARASHTRA) LTD
[30-Nov-2017 07:59:32.254] The remote server returned an error: (500) Internal Server Error.
[30-Nov-2017 07:59:34.129] Downloading rates for UNITECH LIMITED
[30-Nov-2017 07:59:35.981] Downloading rates for TATA TELESERVICES(MAHARASHTRA) LTD
[30-Nov-2017 07:59:38.591] Downloading rates for VEDANTA LIMITED
[30-Nov-2017 09:06:34.434] The remote server returned an error: (500) Internal Server Error.
[30-Nov-2017 09:06:34.785] The remote server returned an error: (503) Server Unavailable.
[30-Nov-2017 09:06:41.569] The remote server returned an error: (500) Internal Server Error.
[30-Nov-2017 09:06:44.250] The remote server returned an error: (503) Server Unavailable.
[30-Nov-2017 09:06:44.959] The remote server returned an error: (500) Internal Server Error.
[30-Nov-2017 09:06:50.548] The remote server returned an error: (503) Server Unavailable.
[30-Nov-2017 09:06:58.045] The remote server returned an error: (500) Internal Server Error.
