[13-Dec-2017 10:56:45.153] DoubleM GUI starting..
[13-Dec-2017 11:06:07.239] Downloading rates for BLB LIMITED
[13-Dec-2017 11:06:53.610] DoubleM GUI starting..
[13-Dec-2017 02:37:20.028] DoubleM GUI starting..
[13-Dec-2017 02:46:43.441] Editing Rates with ID 515202
[13-Dec-2017 02:48:18.632] Editing Rates with ID 515205
[13-Dec-2017 02:48:31.195] Editing Rates with ID 515205
[13-Dec-2017 03:16:30.111] DoubleM GUI starting..
[13-Dec-2017 03:20:30.982] DoubleM GUI starting..
[13-Dec-2017 03:39:08.364] Downloading rates for HDFC - PRUDENCE FUND-RG DIV PAYOUT-OPEN ENDED
[13-Dec-2017 03:39:11.343] Downloading rates for HDFC - PRUDENCE FUND-RG DIV PAYOUT-OPEN ENDED
[13-Dec-2017 03:39:14.357] Downloading rates for INFOSYS TECHNOLOGIES LTD
[13-Dec-2017 03:40:41.538] Downloading rates for BAJAJ HINDUSTAN LTD
[13-Dec-2017 03:47:47.307] Downloading rates for INDIA CEMENTS LTD
[13-Dec-2017 03:47:49.619] Downloading rates for 3I INFOTECH LTD
[13-Dec-2017 03:47:51.603] Downloading rates for STERLING BIOTECH LTD
[13-Dec-2017 03:47:53.634] Downloading rates for ALLAHABAD BANK
[13-Dec-2017 03:47:55.869] Downloading rates for IFCI LTD
[13-Dec-2017 03:47:57.980] Downloading rates for BAJAJ HINDUSTAN LTD
[13-Dec-2017 03:51:43.815] Downloading rates for BURNPUR CEMENT LTD
[13-Dec-2017 04:05:57.217] Downloading rates for 3I INFOTECH LTD
[13-Dec-2017 04:41:24.422] Downloading rates for 3I INFOTECH LTD
[13-Dec-2017 04:41:29.994] Downloading rates for STERLING BIOTECH LTD
[13-Dec-2017 04:41:31.543] Downloading rates for BAJAJ HINDUSTAN LTD
[13-Dec-2017 04:50:50.167] Editing Rates with ID 515229
[13-Dec-2017 04:51:37.510] Editing Rates with ID 515212
[13-Dec-2017 04:52:33.500] DoubleM GUI starting..
[13-Dec-2017 04:53:28.676] Object cannot be cast from DBNull to other types.
[13-Dec-2017 04:55:17.216] Editing Rates with ID 515227
[13-Dec-2017 04:55:25.586] DoubleM GUI starting..
[13-Dec-2017 04:55:46.623] Editing Rates with ID 515224
[13-Dec-2017 04:56:01.828] DoubleM GUI starting..
[13-Dec-2017 06:50:08.580] DoubleM GUI starting..
[13-Dec-2017 06:50:33.417] The remote server returned an error: (500) Internal Server Error.
[13-Dec-2017 06:50:38.967] The remote server returned an error: (503) Server Unavailable.
[13-Dec-2017 06:50:41.160] Downloading rates for COAL INDIA LTD
[13-Dec-2017 06:50:44.685] Downloading rates for HIMADRI SPECIALITY CHEMICALS LTD
[13-Dec-2017 06:50:47.317] Downloading rates for HINDUSTAN ORGANIC CH
[13-Dec-2017 06:50:50.095] Downloading rates for ICICI BANK LTD
[13-Dec-2017 06:50:52.972] Downloading rates for IDBI BANK LIMITED
[13-Dec-2017 06:50:55.837] Downloading rates for IDFC BANK LIMITED
[13-Dec-2017 06:50:58.915] Downloading rates for IDFC LTD
[13-Dec-2017 06:51:03.060] Downloading rates for IFCI LTD
[13-Dec-2017 06:51:05.607] Downloading rates for IL&FS TRANSPORTATION NETWORKS LTD
[13-Dec-2017 06:51:12.185] The remote server returned an error: (500) Internal Server Error.
[13-Dec-2017 06:51:29.072] The remote server returned an error: (500) Internal Server Error.
[13-Dec-2017 06:51:38.577] Downloading rates for SHREE RENUKA SUGARS
[13-Dec-2017 06:51:40.512] Downloading rates for SINTEX INDUSTRIES LTD
[13-Dec-2017 06:51:43.060] Downloading rates for SOUTH INDIAN BANK LTD
[13-Dec-2017 06:51:45.430] Downloading rates for STATE BANK OF INDIA
[13-Dec-2017 06:51:58.072] The remote server returned an error: (503) Server Unavailable.
[13-Dec-2017 06:52:10.932] Downloading rates for IFCI LTD
[13-Dec-2017 06:52:13.625] Downloading rates for BHUSHAN STEEL
[13-Dec-2017 07:10:54.966] Downloading rates for IFCI LTD
[13-Dec-2017 07:10:57.231] Downloading rates for BHUSHAN STEEL
[13-Dec-2017 07:10:58.051] The remote server returned an error: (500) Internal Server Error.
[13-Dec-2017 07:10:59.358] Downloading rates for BHUSHAN STEEL
[13-Dec-2017 08:03:26.414] DoubleM GUI starting..
[13-Dec-2017 08:04:08.494] The remote server returned an error: (500) Internal Server Error.
[13-Dec-2017 08:04:34.484] Downloading rates for HDFC - PRUDENCE FUND-RG DIV PAYOUT-OPEN ENDED
[13-Dec-2017 08:04:36.461] Downloading rates for HDFC - PRUDENCE FUND-RG DIV PAYOUT-OPEN ENDED
[13-Dec-2017 08:04:38.526] Downloading rates for IDFC LTD
[13-Dec-2017 08:04:41.764] Downloading rates for IFCI LTD
[13-Dec-2017 08:04:50.071] Downloading rates for IL&FS TRANSPORTATION NETWORKS LTD
[13-Dec-2017 08:04:55.596] Downloading rates for INDIA CEMENTS LTD
[13-Dec-2017 08:05:00.504] Downloading rates for INDIAN OVERSEAS BANK
[13-Dec-2017 08:05:03.346] Downloading rates for INFOSYS TECHNOLOGIES LTD
[13-Dec-2017 08:05:04.214] The remote server returned an error: (500) Internal Server Error.
[13-Dec-2017 08:05:05.801] Downloading rates for INFOSYS TECHNOLOGIES LTD
[13-Dec-2017 08:05:08.339] Downloading rates for ITC LTD
[13-Dec-2017 08:05:11.439] Downloading rates for IVRCL INFRAST
[13-Dec-2017 08:05:14.441] Downloading rates for JAIPRAKASH ASSOCIATES LTD
[13-Dec-2017 08:05:16.846] Downloading rates for JAIPRAKASH HYDRO-POWER LTD
[13-Dec-2017 08:05:18.021] The remote server returned an error: (500) Internal Server Error.
[13-Dec-2017 08:05:19.536] Downloading rates for JAIPRAKASH HYDRO-POWER LTD
[13-Dec-2017 08:05:22.809] Downloading rates for KIRLOSKAR ELECTRIC COMP LTD
[13-Dec-2017 08:05:25.569] Downloading rates for LARSEN & TOUBRO LTD
[13-Dec-2017 08:05:28.314] Downloading rates for LUPIN LTD
[13-Dec-2017 08:05:31.171] Downloading rates for MARICO INDUSTRIES LTD
[13-Dec-2017 08:05:33.741] Downloading rates for NEYVELI LIGNITE CORPORATION LTD
[13-Dec-2017 08:05:37.314] Downloading rates for OIL & NATURAL GAS CORPORATION LTD
[13-Dec-2017 08:05:39.971] Downloading rates for POWER TRADING CORPORATION
[13-Dec-2017 08:05:42.626] Downloading rates for PTC INDIA FINANCIAL SERVICES LTD
[13-Dec-2017 08:05:45.476] Downloading rates for PUNJ LLOYD
[13-Dec-2017 08:05:53.159] Downloading rates for RELIANCE CPSE ETF - REGULAR PLAN
[13-Dec-2017 08:05:56.101] Downloading rates for RELIANCE IND
[13-Dec-2017 08:06:08.511] Downloading rates for RELIANCE POWER LIMITED
[13-Dec-2017 08:06:10.904] Downloading rates for ROLTA INDIA
[13-Dec-2017 08:06:13.924] Downloading rates for SEL Manufacturing
[13-Dec-2017 08:06:17.254] Downloading rates for SHREE RENUKA SUGARS
[13-Dec-2017 08:06:20.254] Downloading rates for SINTEX INDUSTRIES LTD
[13-Dec-2017 08:06:22.981] Downloading rates for SOUTH INDIAN BANK LTD
[13-Dec-2017 08:06:24.039] The remote server returned an error: (500) Internal Server Error.
[13-Dec-2017 08:06:25.656] Downloading rates for SOUTH INDIAN BANK LTD
[13-Dec-2017 08:06:28.744] Downloading rates for STATE BANK OF INDIA
[13-Dec-2017 08:06:31.741] Downloading rates for STERLING BIOTECH LTD
[13-Dec-2017 08:06:33.956] Downloading rates for SUZLON ENERGY LIMITED
[13-Dec-2017 08:06:36.386] Downloading rates for SYNDICATE BANK
[13-Dec-2017 08:06:38.541] Downloading rates for TATA TELESERVICES(MAHARASHTRA) LTD
[13-Dec-2017 08:06:43.171] Downloading rates for UNITECH LIMITED
[13-Dec-2017 08:06:45.901] Downloading rates for VEDANTA LIMITED
[13-Dec-2017 09:55:32.041] The remote server returned an error: (503) Server Unavailable.
[13-Dec-2017 09:55:34.650] The remote server returned an error: (500) Internal Server Error.
[13-Dec-2017 09:55:57.267] The remote server returned an error: (503) Server Unavailable.
[13-Dec-2017 09:56:01.706] The remote server returned an error: (500) Internal Server Error.
[13-Dec-2017 09:56:02.753] The remote server returned an error: (503) Server Unavailable.
[13-Dec-2017 09:56:17.212] The remote server returned an error: (500) Internal Server Error.
[13-Dec-2017 09:56:32.084] Downloading rates for STERLING BIOTECH LTD
