[08-Dec-2017 08:48:28.170] DoubleM GUI starting..
[08-Dec-2017 08:49:47.899] The remote server returned an error: (500) Internal Server Error.
[08-Dec-2017 08:50:04.997] The remote server returned an error: (503) Server Unavailable.
[08-Dec-2017 03:58:36.786] DoubleM GUI starting..
[08-Dec-2017 04:08:14.913] Downloading rates for STERLING BIOTECH LTD
[08-Dec-2017 04:08:17.712] Downloading rates for SYNDICATE BANK
[08-Dec-2017 04:08:26.035] Downloading rates for BLB LIMITED
[08-Dec-2017 06:13:39.680] DoubleM GUI starting..
[08-Dec-2017 08:25:11.062] DoubleM GUI starting..
[08-Dec-2017 08:25:16.655] Downloading rates for BLB LIMITED
[08-Dec-2017 08:25:24.017] The remote server returned an error: (500) Internal Server Error.
[08-Dec-2017 08:25:25.792] The remote server returned an error: (503) Server Unavailable.
[08-Dec-2017 08:25:31.425] Downloading rates for ALOK INDUSTRIES LTD
[08-Dec-2017 08:25:33.802] Downloading rates for 3I INFOTECH LTD
[08-Dec-2017 08:25:36.907] Downloading rates for BURNPUR CEMENT LTD
[08-Dec-2017 08:25:37.630] The remote server returned an error: (500) Internal Server Error.
[08-Dec-2017 08:25:39.032] Downloading rates for BURNPUR CEMENT LTD
[08-Dec-2017 08:25:56.100] Downloading rates for ICICI BANK LTD
[08-Dec-2017 08:25:59.437] Downloading rates for IDBI BANK LIMITED
[08-Dec-2017 08:26:02.405] Downloading rates for IDFC BANK LIMITED
[08-Dec-2017 08:26:03.250] The remote server returned an error: (500) Internal Server Error.
[08-Dec-2017 08:26:04.907] Downloading rates for IDFC BANK LIMITED
[08-Dec-2017 08:26:07.750] Downloading rates for IDFC LTD
[08-Dec-2017 08:26:10.885] Downloading rates for IFCI LTD
[08-Dec-2017 08:26:13.512] Downloading rates for IL&FS TRANSPORTATION NETWORKS LTD
[08-Dec-2017 08:26:16.405] Downloading rates for INDIA CEMENTS LTD
[08-Dec-2017 08:26:26.887] The remote server returned an error: (500) Internal Server Error.
[08-Dec-2017 08:26:29.505] The remote server returned an error: (503) Server Unavailable.
[08-Dec-2017 08:26:52.340] The remote server returned an error: (500) Internal Server Error.
[08-Dec-2017 08:26:56.785] Downloading rates for SEL Manufacturing
[08-Dec-2017 09:05:32.108] The remote server returned an error: (500) Internal Server Error.
[08-Dec-2017 09:05:40.283] The remote server returned an error: (500) Internal Server Error.
[08-Dec-2017 09:05:45.158] The remote server returned an error: (500) Internal Server Error.
[08-Dec-2017 09:05:46.833] The remote server returned an error: (503) Server Unavailable.
[08-Dec-2017 09:06:17.095] Downloading rates for ALOK INDUSTRIES LTD
[08-Dec-2017 09:06:19.393] Downloading rates for FUTURE CONSUMER LTD
[08-Dec-2017 09:06:20.108] The remote server returned an error: (500) Internal Server Error.
[08-Dec-2017 09:06:21.408] Downloading rates for INDIA CEMENTS LTD
[08-Dec-2017 09:06:22.113] The remote server returned an error: (503) Server Unavailable.
[08-Dec-2017 09:06:23.743] Downloading rates for FUTURE CONSUMER LTD
[08-Dec-2017 09:06:26.205] Downloading rates for INDIA CEMENTS LTD
[08-Dec-2017 09:06:28.668] Downloading rates for IDFC LTD
[08-Dec-2017 09:06:29.345] The remote server returned an error: (500) Internal Server Error.
[08-Dec-2017 09:06:30.550] Downloading rates for IDFC LTD
