[29-Nov-2017 11:58:33.001] DoubleM GUI starting..
[29-Nov-2017 12:17:11.934] DoubleM GUI starting..
[29-Nov-2017 12:18:37.386] Downloading rates for BAJAJ HINDUSTAN LTD
[29-Nov-2017 02:49:59.296] DoubleM GUI starting..
[29-Nov-2017 02:50:22.601] The remote server returned an error: (500) Internal Server Error.
[29-Nov-2017 02:50:40.039] The remote server returned an error: (503) Server Unavailable.
[29-Nov-2017 02:50:52.477] Downloading rates for RELIANCE CPSE ETF - REGULAR PLAN
[29-Nov-2017 02:50:58.669] Downloading rates for HIMADRI SPECIALITY CHEMICALS LTD
[29-Nov-2017 02:51:07.813] Downloading rates for SEL Manufacturing
[29-Nov-2017 03:23:00.112] Downloading rates for SEL Manufacturing
[29-Nov-2017 03:23:08.827] Downloading rates for INDIA CEMENTS LTD
[29-Nov-2017 07:22:46.089] DoubleM GUI starting..
[29-Nov-2017 07:22:59.126] The remote server returned an error: (500) Internal Server Error.
[29-Nov-2017 07:23:15.689] The remote server returned an error: (503) Server Unavailable.
[29-Nov-2017 07:23:31.041] The remote server returned an error: (500) Internal Server Error.
[29-Nov-2017 07:52:01.050] Downloading rates for SEL Manufacturing
[29-Nov-2017 07:52:02.278] The remote server returned an error: (500) Internal Server Error.
[29-Nov-2017 07:52:04.153] Downloading rates for RELIANCE POWER LIMITED
[29-Nov-2017 07:52:07.005] Downloading rates for JAIPRAKASH HYDRO-POWER LTD
[29-Nov-2017 07:52:12.080] Downloading rates for SEL Manufacturing
[29-Nov-2017 08:09:02.054] DoubleM GUI starting..
[29-Nov-2017 08:09:12.399] The remote server returned an error: (500) Internal Server Error.
[29-Nov-2017 08:09:14.012] The remote server returned an error: (503) Server Unavailable.
[29-Nov-2017 08:09:14.954] The remote server returned an error: (500) Internal Server Error.
[29-Nov-2017 08:09:30.494] The remote server returned an error: (500) Internal Server Error.
[29-Nov-2017 08:09:36.729] Downloading rates for FUTURE CONSUMER LTD
[29-Nov-2017 08:09:55.302] Downloading rates for IL&FS TRANSPORTATION NETWORKS LTD
[29-Nov-2017 08:09:58.104] Downloading rates for INDIA CEMENTS LTD
[29-Nov-2017 08:10:42.657] The remote server returned an error: (500) Internal Server Error.
[29-Nov-2017 08:11:26.787] Downloading rates for NEYVELI LIGNITE CORPORATION LTD
[29-Nov-2017 08:11:27.689] The remote server returned an error: (500) Internal Server Error.
[29-Nov-2017 08:11:29.214] Downloading rates for NEYVELI LIGNITE CORPORATION LTD
[29-Nov-2017 08:11:32.002] Downloading rates for OIL & NATURAL GAS CORPORATION LTD
[29-Nov-2017 08:11:34.552] Downloading rates for PTC INDIA FINANCIAL SERVICES LTD
[29-Nov-2017 08:11:37.182] Downloading rates for PTC INDIA FINANCIAL SERVICES LTD
[29-Nov-2017 08:11:38.852] Downloading rates for PUNJ LLOYD
[29-Nov-2017 08:11:41.259] Downloading rates for RELIANCE CPSE ETF - REGULAR PLAN
[29-Nov-2017 08:11:43.539] Downloading rates for RELIANCE IND
[29-Nov-2017 08:11:45.762] Downloading rates for RELIANCE POWER LIMITED
[29-Nov-2017 08:11:48.439] Downloading rates for ROLTA INDIA
[29-Nov-2017 08:11:51.814] Downloading rates for SEL Manufacturing
[29-Nov-2017 08:11:54.449] Downloading rates for SHREE RENUKA SUGARS
[29-Nov-2017 08:11:57.767] Downloading rates for SINTEX INDUSTRIES LTD
[29-Nov-2017 08:12:00.092] Downloading rates for SOUTH INDIAN BANK LTD
[29-Nov-2017 08:12:02.422] Downloading rates for STATE BANK OF INDIA
[29-Nov-2017 08:12:05.444] Downloading rates for STERLING BIOTECH LTD
[29-Nov-2017 08:12:08.092] Downloading rates for SUZLON ENERGY LIMITED
[29-Nov-2017 08:12:10.837] Downloading rates for SYNDICATE BANK
[29-Nov-2017 08:12:12.722] Downloading rates for TATA TELESERVICES(MAHARASHTRA) LTD
[29-Nov-2017 08:12:15.697] Downloading rates for UNITECH LIMITED
[29-Nov-2017 08:12:18.394] Downloading rates for VEDANTA LIMITED
[29-Nov-2017 08:19:27.459] Downloading rates for IVRCL INFRAST
[29-Nov-2017 10:46:38.422] The remote server returned an error: (503) Server Unavailable.
[29-Nov-2017 10:46:39.793] The remote server returned an error: (500) Internal Server Error.
[29-Nov-2017 10:46:53.263] The remote server returned an error: (500) Internal Server Error.
[29-Nov-2017 10:46:53.915] The remote server returned an error: (503) Server Unavailable.
