[22-Dec-2017 04:13:14.480] DoubleM GUI starting..
[22-Dec-2017 04:13:57.459] Downloading rates for HDFC - PRUDENCE FUND-RG DIV PAYOUT-OPEN ENDED
[22-Dec-2017 04:14:28.340] Downloading rates for PUNJ LLOYD
[22-Dec-2017 05:07:33.753] DoubleM GUI starting..
[22-Dec-2017 05:48:31.959] DoubleM GUI starting..
[22-Dec-2017 05:49:22.651] The remote server returned an error: (500) Internal Server Error.
[22-Dec-2017 05:49:29.564] The remote server returned an error: (503) Server Unavailable.
[22-Dec-2017 05:49:38.554] The remote server returned an error: (500) Internal Server Error.
[22-Dec-2017 05:49:40.824] The remote server returned an error: (503) Server Unavailable.
[22-Dec-2017 05:49:45.079] The remote server returned an error: (503) Server Unavailable.
[22-Dec-2017 05:49:49.861] Downloading rates for ABAN OFFSHORE LTD
[22-Dec-2017 05:49:54.741] Downloading rates for GVK POWER & INFRASTRUCTURE LTD
[22-Dec-2017 05:49:58.981] Downloading rates for HDFC - PRUDENCE FUND-RG DIV PAYOUT-OPEN ENDED
[22-Dec-2017 05:50:00.821] Downloading rates for HIMADRI SPECIALITY CHEMICALS LTD
[22-Dec-2017 05:50:05.006] Downloading rates for HINDUSTAN ORGANIC CH
[22-Dec-2017 05:50:05.824] The remote server returned an error: (503) Server Unavailable.
[22-Dec-2017 05:50:22.489] The remote server returned an error: (503) Server Unavailable.
[22-Dec-2017 05:50:30.721] The remote server returned an error: (500) Internal Server Error.
[22-Dec-2017 05:50:37.164] Downloading rates for JAIPRAKASH HYDRO-POWER LTD
[22-Dec-2017 05:50:40.531] Downloading rates for OIL & NATURAL GAS CORPORATION LTD
[22-Dec-2017 06:13:03.142] Downloading rates for 3I INFOTECH LTD
[22-Dec-2017 06:13:06.082] Downloading rates for ABAN OFFSHORE LTD
[22-Dec-2017 06:13:08.752] Downloading rates for ALLAHABAD BANK
[22-Dec-2017 06:13:12.997] Downloading rates for ALOK INDUSTRIES LTD
[22-Dec-2017 06:13:18.397] Downloading rates for ALPS INDUSTRIES
[22-Dec-2017 06:13:24.542] Downloading rates for BAJAJ HINDUSTAN LTD
[22-Dec-2017 06:13:33.622] Downloading rates for BANK OF BARODA
[22-Dec-2017 06:13:34.930] The remote server returned an error: (500) Internal Server Error.
[22-Dec-2017 06:13:42.542] Downloading rates for BANK OF BARODA
[22-Dec-2017 06:13:45.432] Downloading rates for BHEL
[22-Dec-2017 06:13:46.522] The remote server returned an error: (500) Internal Server Error.
[22-Dec-2017 06:13:49.347] Downloading rates for BHEL
[22-Dec-2017 06:13:51.952] Downloading rates for BHUSHAN STEEL
[22-Dec-2017 06:13:55.170] Downloading rates for BLB LIMITED
[22-Dec-2017 06:14:01.022] Downloading rates for BURNPUR CEMENT LTD
[22-Dec-2017 06:14:05.130] Downloading rates for CANARA BANK
[22-Dec-2017 06:14:09.825] Downloading rates for COAL INDIA LTD
[22-Dec-2017 06:14:13.080] Downloading rates for DR. REDDY'S LABORATORIES
[22-Dec-2017 06:14:17.207] Downloading rates for FORCE MOTORS LTD
[22-Dec-2017 06:14:20.715] Downloading rates for FUTURE CONSUMER LTD
[22-Dec-2017 06:14:25.392] Downloading rates for GVK POWER & INFRASTRUCTURE LTD
[22-Dec-2017 06:14:29.362] Downloading rates for HIMADRI SPECIALITY CHEMICALS LTD
[22-Dec-2017 06:14:34.355] Downloading rates for HINDUSTAN ORGANIC CH
[22-Dec-2017 06:14:48.955] Downloading rates for ICICI BANK LTD
[22-Dec-2017 06:14:50.102] The remote server returned an error: (500) Internal Server Error.
[22-Dec-2017 06:14:52.007] Downloading rates for ICICI BANK LTD
[22-Dec-2017 06:14:55.250] Downloading rates for IDBI BANK LIMITED
[22-Dec-2017 06:14:58.615] Downloading rates for IDFC BANK LIMITED
[22-Dec-2017 06:15:01.697] Downloading rates for IDFC LTD
[22-Dec-2017 06:15:07.532] Downloading rates for IFCI LTD
[22-Dec-2017 06:15:15.300] Downloading rates for IL&FS TRANSPORTATION NETWORKS LTD
[22-Dec-2017 06:15:20.302] Downloading rates for INDIA CEMENTS LTD
[22-Dec-2017 06:15:23.727] Downloading rates for INDIAN OVERSEAS BANK
[22-Dec-2017 06:15:26.450] Downloading rates for INFOSYS TECHNOLOGIES LTD
[22-Dec-2017 06:15:29.872] Downloading rates for ITC LTD
[22-Dec-2017 06:15:32.992] Downloading rates for IVRCL INFRAST
[22-Dec-2017 06:15:37.022] Downloading rates for JAIPRAKASH ASSOCIATES LTD
[22-Dec-2017 06:15:40.095] Downloading rates for JAIPRAKASH HYDRO-POWER LTD
[22-Dec-2017 06:15:42.897] Downloading rates for KIRLOSKAR ELECTRIC COMP LTD
[22-Dec-2017 06:15:45.977] Downloading rates for LARSEN & TOUBRO LTD
[22-Dec-2017 06:15:48.395] Downloading rates for LUPIN LTD
[22-Dec-2017 06:15:50.947] Downloading rates for MARICO INDUSTRIES LTD
[22-Dec-2017 06:15:53.802] Downloading rates for NEYVELI LIGNITE CORPORATION LTD
[22-Dec-2017 06:15:57.062] Downloading rates for OIL & NATURAL GAS CORPORATION LTD
[22-Dec-2017 06:15:57.845] The remote server returned an error: (500) Internal Server Error.
[22-Dec-2017 06:15:59.625] Downloading rates for OIL & NATURAL GAS CORPORATION LTD
[22-Dec-2017 06:16:02.180] Downloading rates for POWER TRADING CORPORATION
[22-Dec-2017 06:16:04.800] Downloading rates for PTC INDIA FINANCIAL SERVICES LTD
[22-Dec-2017 06:16:07.705] Downloading rates for PUNJ LLOYD
[22-Dec-2017 06:16:19.865] Downloading rates for RELIANCE CPSE ETF - REGULAR PLAN
[22-Dec-2017 06:16:21.275] The remote server returned an error: (500) Internal Server Error.
[22-Dec-2017 06:16:23.335] Downloading rates for RELIANCE CPSE ETF - REGULAR PLAN
[22-Dec-2017 06:16:26.000] Downloading rates for RELIANCE IND
[22-Dec-2017 06:16:29.052] Downloading rates for RELIANCE POWER LIMITED
[22-Dec-2017 06:16:32.017] Downloading rates for ROLTA INDIA
[22-Dec-2017 06:16:34.515] Downloading rates for SEL Manufacturing
[22-Dec-2017 06:16:36.942] Downloading rates for SHREE RENUKA SUGARS
[22-Dec-2017 06:16:39.660] Downloading rates for SINTEX INDUSTRIES LTD
[22-Dec-2017 06:16:40.752] The remote server returned an error: (500) Internal Server Error.
[22-Dec-2017 06:16:42.302] Downloading rates for SINTEX INDUSTRIES LTD
[22-Dec-2017 06:16:45.120] Downloading rates for SOUTH INDIAN BANK LTD
[22-Dec-2017 06:16:49.727] Downloading rates for STATE BANK OF INDIA
[22-Dec-2017 06:16:50.520] The remote server returned an error: (500) Internal Server Error.
[22-Dec-2017 06:16:51.857] Downloading rates for STATE BANK OF INDIA
[22-Dec-2017 06:16:55.992] Downloading rates for STERLING BIOTECH LTD
[22-Dec-2017 06:16:58.927] Downloading rates for SUZLON ENERGY LIMITED
[22-Dec-2017 06:17:03.787] Downloading rates for SYNDICATE BANK
[22-Dec-2017 06:17:06.722] Downloading rates for TATA TELESERVICES(MAHARASHTRA) LTD
[22-Dec-2017 06:17:09.497] Downloading rates for UNITECH LIMITED
[22-Dec-2017 06:17:12.817] Downloading rates for VEDANTA LIMITED
[22-Dec-2017 06:24:32.096] Downloading rates for HINDUSTAN ORGANIC CH
[22-Dec-2017 06:24:36.201] Downloading rates for HINDUSTAN ORGANIC CH
[22-Dec-2017 08:58:31.175] DoubleM GUI starting..
[22-Dec-2017 08:58:56.575] Downloading rates for HINDUSTAN ORGANIC CH
[22-Dec-2017 08:59:26.420] Downloading rates for ICICI BANK LTD
[22-Dec-2017 09:00:10.632] Downloading rates for IDBI BANK LIMITED
[22-Dec-2017 09:00:13.647] Downloading rates for IDFC BANK LIMITED
[22-Dec-2017 09:00:16.815] Downloading rates for IDFC LTD
[22-Dec-2017 09:00:18.837] Downloading rates for IFCI LTD
[22-Dec-2017 09:00:21.407] Downloading rates for IL&FS TRANSPORTATION NETWORKS LTD
[22-Dec-2017 09:00:25.152] Downloading rates for INDIA CEMENTS LTD
[22-Dec-2017 09:00:25.932] The remote server returned an error: (503) Server Unavailable.
[22-Dec-2017 09:00:27.575] Downloading rates for INDIA CEMENTS LTD
[22-Dec-2017 09:00:29.447] Downloading rates for INDIAN OVERSEAS BANK
[22-Dec-2017 09:00:31.482] Downloading rates for INFOSYS TECHNOLOGIES LTD
[22-Dec-2017 09:00:33.652] Downloading rates for ITC LTD
[22-Dec-2017 09:00:36.287] Downloading rates for IVRCL INFRAST
[22-Dec-2017 09:00:38.707] Downloading rates for JAIPRAKASH ASSOCIATES LTD
[22-Dec-2017 09:00:41.237] Downloading rates for JAIPRAKASH HYDRO-POWER LTD
[22-Dec-2017 09:00:43.745] Downloading rates for KIRLOSKAR ELECTRIC COMP LTD
[22-Dec-2017 09:00:48.762] Downloading rates for LARSEN & TOUBRO LTD
[22-Dec-2017 09:00:51.215] Downloading rates for LUPIN LTD
[22-Dec-2017 09:00:53.297] Downloading rates for MARICO INDUSTRIES LTD
[22-Dec-2017 09:00:55.342] Downloading rates for MULTI COMMODITY EXCHANGE OF INDIA LTD
[22-Dec-2017 09:00:57.845] Downloading rates for NEYVELI LIGNITE CORPORATION LTD
[22-Dec-2017 09:01:00.402] Downloading rates for OIL & NATURAL GAS CORPORATION LTD
[22-Dec-2017 09:01:03.015] Downloading rates for POWER TRADING CORPORATION
[22-Dec-2017 09:01:09.055] Downloading rates for PTC INDIA FINANCIAL SERVICES LTD
[22-Dec-2017 09:01:12.965] Downloading rates for PUNJ LLOYD
[22-Dec-2017 09:01:13.715] The remote server returned an error: (500) Internal Server Error.
[22-Dec-2017 09:01:15.297] Downloading rates for PUNJ LLOYD
[22-Dec-2017 09:01:17.302] Downloading rates for RELIANCE CPSE ETF - REGULAR PLAN
[22-Dec-2017 09:01:19.397] Downloading rates for RELIANCE IND
[22-Dec-2017 09:01:20.180] The remote server returned an error: (503) Server Unavailable.
[22-Dec-2017 09:01:35.942] The remote server returned an error: (503) Server Unavailable.
[22-Dec-2017 09:01:40.700] The remote server returned an error: (500) Internal Server Error.
[22-Dec-2017 09:01:45.057] The remote server returned an error: (503) Server Unavailable.
[22-Dec-2017 09:01:47.692] Downloading rates for SOUTH INDIAN BANK LTD
[22-Dec-2017 09:10:52.491] The remote server returned an error: (500) Internal Server Error.
[22-Dec-2017 09:11:00.291] The remote server returned an error: (500) Internal Server Error.
[22-Dec-2017 09:11:11.959] The remote server returned an error: (500) Internal Server Error.
[22-Dec-2017 09:11:22.229] The remote server returned an error: (500) Internal Server Error.
[22-Dec-2017 09:11:24.229] The remote server returned an error: (503) Server Unavailable.
