[21-Nov-2017 03:40:32.361] DoubleM GUI starting..
[21-Nov-2017 03:41:59.388] Downloading rates for GVK POWER & INFRASTRUCTURE LTD
[21-Nov-2017 03:42:05.280] Downloading rates for ALPS INDUSTRIES
[21-Nov-2017 03:45:57.986] Downloading rates for ALPS INDUSTRIES
[21-Nov-2017 04:03:44.864] Downloading rates for JAIPRAKASH HYDRO-POWER LTD
[21-Nov-2017 04:03:46.935] Downloading rates for SUZLON ENERGY LIMITED
[21-Nov-2017 04:03:49.063] Downloading rates for UNITECH LIMITED
[21-Nov-2017 04:04:04.975] Downloading rates for SUZLON ENERGY LIMITED
[21-Nov-2017 04:06:17.969] Downloading rates for SUZLON ENERGY LIMITED
[21-Nov-2017 04:09:07.612] Downloading rates for SUZLON ENERGY LIMITED
[21-Nov-2017 04:10:08.584] Downloading rates for ALPS INDUSTRIES
[21-Nov-2017 04:11:44.791] Downloading rates for TATA COFFEE LTD
[21-Nov-2017 04:11:54.181] Downloading rates for HIMADRI SPECIALITY CHEMICALS LTD
[21-Nov-2017 05:56:29.792] DoubleM GUI starting..
[21-Nov-2017 05:57:08.173] The remote server returned an error: (500) Internal Server Error.
[21-Nov-2017 05:57:17.072] Downloading rates for SEL Manufacturing
[21-Nov-2017 08:00:01.480] DoubleM GUI starting..
[21-Nov-2017 08:01:24.875] The remote server returned an error: (500) Internal Server Error.
[21-Nov-2017 08:01:30.505] Downloading rates for CANARA BANK
[21-Nov-2017 08:01:48.205] Downloading rates for IL&FS TRANSPORTATION NETWORKS LTD
[21-Nov-2017 08:01:49.865] The remote server returned an error: (500) Internal Server Error.
[21-Nov-2017 08:01:51.348] Downloading rates for IL&FS TRANSPORTATION NETWORKS LTD
[21-Nov-2017 08:01:54.058] Downloading rates for INDIA CEMENTS LTD
[21-Nov-2017 08:02:04.690] The remote server returned an error: (500) Internal Server Error.
[21-Nov-2017 08:02:12.523] Downloading rates for JAIPRAKASH ASSOCIATES LTD
[21-Nov-2017 08:02:15.793] Downloading rates for NEYVELI LIGNITE CORPORATION LTD
[21-Nov-2017 08:02:18.200] Downloading rates for OIL & NATURAL GAS CORPORATION LTD
[21-Nov-2017 08:02:33.523] Downloading rates for SINTEX INDUSTRIES LTD
[21-Nov-2017 08:02:35.810] Downloading rates for SOUTH INDIAN BANK LTD
[21-Nov-2017 08:02:38.303] Downloading rates for STATE BANK OF INDIA
[21-Nov-2017 08:02:40.698] Downloading rates for STERLING BIOTECH LTD
[21-Nov-2017 08:02:43.275] Downloading rates for SUZLON ENERGY LIMITED
[21-Nov-2017 08:07:05.378] Downloading rates for MARICO INDUSTRIES LTD
[21-Nov-2017 08:07:34.245] Downloading rates for INFOSYS TECHNOLOGIES LTD
[21-Nov-2017 08:09:10.345] Downloading rates for OPTO CIRCUITS
[21-Nov-2017 08:15:31.659] DoubleM GUI starting..
[21-Nov-2017 08:15:46.429] Downloading rates for INDIA CEMENTS LTD
[21-Nov-2017 08:15:58.474] Downloading rates for SINTEX INDUSTRIES LTD
[21-Nov-2017 08:15:59.691] The remote server returned an error: (503) Server Unavailable.
[21-Nov-2017 08:16:01.229] Downloading rates for SINTEX INDUSTRIES LTD
[21-Nov-2017 08:16:11.211] Downloading rates for MARICO INDUSTRIES LTD
[21-Nov-2017 08:16:29.954] Downloading rates for GVK POWER & INFRASTRUCTURE LTD
[21-Nov-2017 08:21:18.598] Downloading rates for JAIPRAKASH ASSOCIATES LTD
[21-Nov-2017 08:21:22.026] Downloading rates for JAIPRAKASH HYDRO-POWER LTD
[21-Nov-2017 08:21:25.146] Downloading rates for KIRLOSKAR ELECTRIC COMP LTD
[21-Nov-2017 08:21:28.893] Downloading rates for LARSEN & TOUBRO LTD
[21-Nov-2017 08:21:31.616] Downloading rates for LUPIN LTD
[21-Nov-2017 08:21:35.566] Downloading rates for IVRCL INFRAST
[21-Nov-2017 08:21:38.513] Downloading rates for ITC LTD
[21-Nov-2017 08:21:41.081] Downloading rates for INFOSYS TECHNOLOGIES LTD
[21-Nov-2017 08:21:44.008] Downloading rates for INDIAN OVERSEAS BANK
[21-Nov-2017 08:43:03.539] Downloading rates for GVK POWER & INFRASTRUCTURE LTD
[21-Nov-2017 08:43:06.689] Downloading rates for GVK POWER & INFRASTRUCTURE LTD
[21-Nov-2017 08:43:15.117] The remote server returned an error: (503) Server Unavailable.
[21-Nov-2017 08:43:21.259] The remote server returned an error: (503) Server Unavailable.
[21-Nov-2017 08:43:28.299] Downloading rates for BURNPUR CEMENT LTD
[21-Nov-2017 08:43:32.539] Downloading rates for ALLAHABAD BANK
[21-Nov-2017 08:43:37.699] Downloading rates for HIMADRI SPECIALITY CHEMICALS LTD
[21-Nov-2017 08:43:41.147] Downloading rates for HINDUSTAN ORGANIC CH
[21-Nov-2017 08:43:44.317] Downloading rates for ICICI BANK LTD
[21-Nov-2017 08:43:45.099] The remote server returned an error: (503) Server Unavailable.
[21-Nov-2017 08:43:46.769] Downloading rates for ICICI BANK LTD
[21-Nov-2017 08:43:50.159] Downloading rates for IDBI BANK LIMITED
[21-Nov-2017 08:43:53.134] Downloading rates for IDFC BANK LIMITED
[21-Nov-2017 08:43:56.217] Downloading rates for IDFC LTD
[21-Nov-2017 08:43:58.312] Downloading rates for IFCI LTD
[21-Nov-2017 08:44:00.457] Downloading rates for IL&FS TRANSPORTATION NETWORKS LTD
[21-Nov-2017 08:44:08.572] Downloading rates for NEYVELI LIGNITE CORPORATION LTD
[21-Nov-2017 08:44:12.222] Downloading rates for OIL & NATURAL GAS CORPORATION LTD
[21-Nov-2017 08:44:15.447] Downloading rates for PTC INDIA FINANCIAL SERVICES LTD
[21-Nov-2017 08:44:16.279] The remote server returned an error: (503) Server Unavailable.
[21-Nov-2017 08:44:18.017] Downloading rates for PTC INDIA FINANCIAL SERVICES LTD
[21-Nov-2017 08:44:20.789] Downloading rates for PUNJ LLOYD
[21-Nov-2017 08:44:21.659] The remote server returned an error: (500) Internal Server Error.
[21-Nov-2017 08:44:23.369] Downloading rates for PUNJ LLOYD
[21-Nov-2017 08:44:26.439] Downloading rates for RELIANCE CPSE ETF - REGULAR PLAN
[21-Nov-2017 08:44:28.382] The remote server returned an error: (503) Server Unavailable.
[21-Nov-2017 08:44:29.917] Downloading rates for RELIANCE CPSE ETF - REGULAR PLAN
[21-Nov-2017 08:44:33.192] Downloading rates for RELIANCE IND
[21-Nov-2017 08:44:40.282] The remote server returned an error: (500) Internal Server Error.
[21-Nov-2017 08:44:44.589] Downloading rates for RELIANCE POWER LIMITED
[21-Nov-2017 08:44:45.377] The remote server returned an error: (503) Server Unavailable.
[21-Nov-2017 08:44:47.014] Downloading rates for RELIANCE POWER LIMITED
[21-Nov-2017 08:44:56.614] The remote server returned an error: (500) Internal Server Error.
[21-Nov-2017 08:45:04.037] Downloading rates for SUZLON ENERGY LIMITED
[21-Nov-2017 09:29:36.659] The remote server returned an error: (500) Internal Server Error.
[21-Nov-2017 09:29:37.884] The remote server returned an error: (500) Internal Server Error.
[21-Nov-2017 09:29:39.374] The remote server returned an error: (503) Server Unavailable.
