[24-Nov-2017 10:57:56.417] DoubleM GUI starting..
[24-Nov-2017 10:59:02.330] Downloading rates for BAJAJ HINDUSTAN LTD
[24-Nov-2017 02:13:28.052] DoubleM GUI starting..
[24-Nov-2017 02:13:51.286] Start loading frmCatGraph 
[24-Nov-2017 02:15:21.784] Start loading frmCatGraph 
[24-Nov-2017 02:19:43.423] Start loading frmCatGraph 
[24-Nov-2017 03:25:08.317] DoubleM GUI starting..
[24-Nov-2017 03:25:45.409] Downloading rates for INDIA CEMENTS LTD
[24-Nov-2017 03:33:47.966] Downloading rates for HIMADRI SPECIALITY CHEMICALS LTD
[24-Nov-2017 03:41:57.043] Downloading rates for BLB LIMITED
[24-Nov-2017 03:42:04.174] Downloading rates for INDIA CEMENTS LTD
[24-Nov-2017 03:42:06.909] Downloading rates for BHUSHAN STEEL
[24-Nov-2017 06:12:45.093] DoubleM GUI starting..
[24-Nov-2017 06:13:10.298] The remote server returned an error: (500) Internal Server Error.
[24-Nov-2017 06:13:10.746] The remote server returned an error: (500) Internal Server Error.
[24-Nov-2017 06:13:11.991] The remote server returned an error: (503) Server Unavailable.
[24-Nov-2017 06:13:16.396] The remote server returned an error: (503) Server Unavailable.
[24-Nov-2017 06:13:17.628] The remote server returned an error: (500) Internal Server Error.
[24-Nov-2017 06:13:23.308] The remote server returned an error: (503) Server Unavailable.
[24-Nov-2017 06:13:33.636] The remote server returned an error: (500) Internal Server Error.
[24-Nov-2017 06:14:00.153] The remote server returned an error: (503) Server Unavailable.
[24-Nov-2017 06:14:05.158] Downloading rates for IDFC LTD
[24-Nov-2017 06:29:00.273] Downloading rates for INDIA CEMENTS LTD
[24-Nov-2017 06:29:43.368] Downloading rates for BHUSHAN STEEL
[24-Nov-2017 06:29:49.553] Downloading rates for BURNPUR CEMENT LTD
