[14-Dec-2017 10:40:54.208] DoubleM GUI starting..
[14-Dec-2017 10:46:53.200] Object cannot be cast from DBNull to other types.
[14-Dec-2017 03:28:53.229] DoubleM GUI starting..
[14-Dec-2017 03:29:48.150] Downloading rates for HDFC - PRUDENCE FUND-RG DIV PAYOUT-OPEN ENDED
[14-Dec-2017 03:29:50.964] Downloading rates for HDFC - PRUDENCE FUND-RG DIV PAYOUT-OPEN ENDED
[14-Dec-2017 03:30:13.830] Downloading rates for POWER TRADING CORPORATION
[14-Dec-2017 03:30:20.463] Downloading rates for PTC INDIA FINANCIAL SERVICES LTD
[14-Dec-2017 03:30:24.070] Downloading rates for PUNJ LLOYD
[14-Dec-2017 03:44:26.728] Downloading rates for SOUTH INDIAN BANK LTD
[14-Dec-2017 03:44:29.431] Downloading rates for ALOK INDUSTRIES LTD
[14-Dec-2017 03:44:31.791] Downloading rates for ALPS INDUSTRIES
[14-Dec-2017 03:44:43.015] Downloading rates for IVRCL INFRAST
[14-Dec-2017 03:44:47.119] Downloading rates for SEL Manufacturing
[14-Dec-2017 03:44:51.127] Downloading rates for INDIAN OVERSEAS BANK
[14-Dec-2017 03:59:24.017] Downloading rates for SOUTH INDIAN BANK LTD
[14-Dec-2017 03:59:25.927] Downloading rates for ALOK INDUSTRIES LTD
[14-Dec-2017 03:59:27.927] Downloading rates for ALPS INDUSTRIES
[14-Dec-2017 04:09:56.621] Downloading rates for ITC LTD
[14-Dec-2017 05:30:44.437] DoubleM GUI starting..
[14-Dec-2017 05:30:51.986] Downloading rates for 3I INFOTECH LTD
[14-Dec-2017 05:31:01.590] Downloading rates for BLB LIMITED
[14-Dec-2017 05:31:04.795] Downloading rates for BURNPUR CEMENT LTD
[14-Dec-2017 06:35:55.649] DoubleM GUI starting..
[14-Dec-2017 06:43:25.744] The remote server returned an error: (500) Internal Server Error.
[14-Dec-2017 06:43:32.399] The remote server returned an error: (500) Internal Server Error.
[14-Dec-2017 06:43:34.144] The remote server returned an error: (503) Server Unavailable.
[14-Dec-2017 06:43:34.492] The remote server returned an error: (500) Internal Server Error.
[14-Dec-2017 06:43:42.592] The remote server returned an error: (503) Server Unavailable.
[14-Dec-2017 06:43:44.404] The remote server returned an error: (500) Internal Server Error.
[14-Dec-2017 06:43:44.752] The remote server returned an error: (503) Server Unavailable.
[14-Dec-2017 06:43:54.129] The remote server returned an error: (500) Internal Server Error.
[14-Dec-2017 06:43:56.624] The remote server returned an error: (503) Server Unavailable.
[14-Dec-2017 07:10:39.838] The remote server returned an error: (500) Internal Server Error.
[14-Dec-2017 07:10:43.493] The remote server returned an error: (503) Server Unavailable.
[14-Dec-2017 07:10:44.140] The remote server returned an error: (500) Internal Server Error.
[14-Dec-2017 07:52:36.291] Downloading rates for 3I INFOTECH LTD
[14-Dec-2017 08:26:30.223] DoubleM GUI starting..
[14-Dec-2017 08:26:36.178] Downloading rates for 3I INFOTECH LTD
[14-Dec-2017 09:18:34.428] The remote server returned an error: (500) Internal Server Error.
[14-Dec-2017 09:18:35.506] The remote server returned an error: (500) Internal Server Error.
[14-Dec-2017 09:18:49.178] The remote server returned an error: (500) Internal Server Error.
[14-Dec-2017 09:18:54.003] The remote server returned an error: (500) Internal Server Error.
[14-Dec-2017 09:18:56.781] The remote server returned an error: (503) Server Unavailable.
[14-Dec-2017 09:19:13.023] The remote server returned an error: (500) Internal Server Error.
[14-Dec-2017 09:19:18.396] The remote server returned an error: (500) Internal Server Error.
[14-Dec-2017 09:19:18.753] The remote server returned an error: (503) Server Unavailable.
[14-Dec-2017 09:19:23.178] The remote server returned an error: (500) Internal Server Error.
[14-Dec-2017 09:19:28.568] The remote server returned an error: (503) Server Unavailable.
[14-Dec-2017 09:19:38.941] The remote server returned an error: (503) Server Unavailable.
[14-Dec-2017 09:20:03.266] The remote server returned an error: (500) Internal Server Error.
[14-Dec-2017 09:20:03.626] The remote server returned an error: (500) Internal Server Error.
[14-Dec-2017 09:20:10.546] The remote server returned an error: (503) Server Unavailable.
[14-Dec-2017 09:20:13.043] The remote server returned an error: (500) Internal Server Error.
[14-Dec-2017 09:20:16.053] The remote server returned an error: (500) Internal Server Error.
[14-Dec-2017 09:20:19.381] The remote server returned an error: (500) Internal Server Error.
[14-Dec-2017 09:20:19.736] The remote server returned an error: (503) Server Unavailable.
[14-Dec-2017 09:20:22.861] The remote server returned an error: (503) Server Unavailable.
[14-Dec-2017 09:20:36.113] The remote server returned an error: (503) Server Unavailable.
[14-Dec-2017 09:20:36.496] The remote server returned an error: (503) Server Unavailable.
[14-Dec-2017 09:20:58.983] The remote server returned an error: (503) Server Unavailable.
[14-Dec-2017 09:20:59.403] The remote server returned an error: (500) Internal Server Error.
[14-Dec-2017 09:21:03.243] Downloading rates for KOTAK - SELECT FOCUS FUND
[14-Dec-2017 09:21:05.461] Downloading rates for IFCI LTD
[14-Dec-2017 09:21:08.218] Downloading rates for JAIPRAKASH HYDRO-POWER LTD
[14-Dec-2017 09:21:57.918] Downloaded rate is not the latest - AFTEK 1.63 30/11/2017 3:41:00 PM
[14-Dec-2017 09:21:57.921] Downloaded rate is not the latest - CAIRN IND 285.40 25/04/2017 3:58:11 PM
[14-Dec-2017 09:21:57.921] Downloaded rate is not the latest - CORE EDUCATION & TECHNOLOGIES LIMITED 1.77 13/06/2017 12:00:00 AM
[14-Dec-2017 09:21:57.921] Downloaded rate is not the latest - ESSAR OIL LTD 263 8/02/2017 3:40:00 PM
[14-Dec-2017 09:21:57.921] Downloaded rate is not the latest - GTC INDUSTRIES LTD 55.10 11/12/2017 3:27:18 PM
[14-Dec-2017 09:21:57.921] Downloaded rate is not the latest - INDIABULLS FIN. SER. LTD 272.3 18/03/2017 3:46:00 PM
[14-Dec-2017 09:21:57.923] Downloaded rate is not the latest - ISPAT Industries LTD 9.98 10/06/2017 3:58:00 PM
[14-Dec-2017 09:21:57.923] Downloaded rate is not the latest - IVR Prime Urban Developer 37.05 14/08/2017 3:47:00 PM
[14-Dec-2017 09:21:57.923] Downloaded rate is not the latest - K S OIL LTD 0.44 22/05/2017 3:10:19 PM
[14-Dec-2017 09:21:57.923] Downloaded rate is not the latest - KALINDEE RAIL NR 102.40 8/02/2017 3:44:04 PM
[14-Dec-2017 09:21:57.923] Downloaded rate is not the latest - KINGFISHER AIRLINES LTD 1.36 22/06/2017 3:53:00 PM
[14-Dec-2017 09:21:57.926] Downloaded rate is not the latest - MAARS SOFTWARE 0.26 20/03/2017 3:41:00 PM
[14-Dec-2017 09:21:57.926] Downloaded rate is not the latest - NAGARJUNA FERTILIZERS LTD 23.6 26/08/2017 3:59:00 PM
[14-Dec-2017 09:21:57.926] Downloaded rate is not the latest - RANBAXY LABS LTD 859.9 1/04/2017 3:58:00 PM
[14-Dec-2017 09:21:57.926] Downloaded rate is not the latest - RELIANCE MEDIA WORLD LTD 69.05 20/03/2017 3:59:00 PM
[14-Dec-2017 09:21:57.926] Downloaded rate is not the latest - RELIANCE MEDIAWORKS LTD. 59.8 28/04/2017 3:44:00 PM
[14-Dec-2017 09:21:57.926] Downloaded rate is not the latest - RELIANCE NATURAL RES 42.15 9/11/2017 3:59:00 PM
[14-Dec-2017 09:21:57.928] Downloaded rate is not the latest - RELIANCE PETROLEUM LTD 130.85 24/09/2017 4:02:00 PM
[14-Dec-2017 09:21:57.928] Downloaded rate is not the latest - SATYAM COMPUTER 115.3 3/07/2017 4:00:00 PM
[14-Dec-2017 09:21:57.928] Downloaded rate is not the latest - SHREE ASHTAVINAYAK CINE VISION LTD 0.81 19/06/2017 3:53:00 PM
[14-Dec-2017 09:21:57.931] Downloaded rate is not the latest - SOUTH ASIAN PETROCHE 14.49 14/07/2017 4:02:00 PM
[14-Dec-2017 09:21:57.931] Downloaded rate is not the latest - STERLITE INDUSTRIES 90.2 26/08/2017 4:00:00 PM
[14-Dec-2017 09:21:57.931] Downloaded rate is not the latest - TELEDATA INFORMATICS LTD 0.47 20/03/2017 3:32:00 PM
[14-Dec-2017 09:21:57.931] Downloaded rate is not the latest - UNITED BREWERIES (HOLDINGS) LTD 13.44 11/12/2017 3:27:33 PM
