[28-Nov-2017 03:07:26.507] DoubleM GUI starting..
[28-Nov-2017 03:25:42.968] Downloading rates for ALPS INDUSTRIES
[28-Nov-2017 03:25:45.081] Downloading rates for BLB LIMITED
[28-Nov-2017 03:35:06.223] Downloading rates for PTC INDIA FINANCIAL SERVICES LTD
[28-Nov-2017 03:35:12.586] Downloading rates for SOUTH INDIAN BANK LTD
[28-Nov-2017 03:35:16.314] Downloading rates for 3I INFOTECH LTD
[28-Nov-2017 03:35:19.207] Downloading rates for STERLING BIOTECH LTD
[28-Nov-2017 03:35:21.336] Downloading rates for JAIPRAKASH ASSOCIATES LTD
[28-Nov-2017 03:35:23.558] Downloading rates for JAIPRAKASH ASSOCIATES LTD
[28-Nov-2017 03:35:28.675] Downloading rates for ALPS INDUSTRIES
[28-Nov-2017 03:35:31.463] Downloading rates for BLB LIMITED
[28-Nov-2017 03:35:41.347] Downloading rates for HIMADRI SPECIALITY CHEMICALS LTD
[28-Nov-2017 03:45:48.782] Downloading rates for BLB LIMITED
[28-Nov-2017 03:45:52.483] Downloading rates for ALPS INDUSTRIES
[28-Nov-2017 03:57:02.456] Downloading rates for SEL Manufacturing
[28-Nov-2017 03:57:06.929] Downloading rates for STERLING BIOTECH LTD
[28-Nov-2017 03:57:10.265] Downloading rates for ALPS INDUSTRIES
[28-Nov-2017 04:07:49.306] Downloading rates for ALPS INDUSTRIES
[28-Nov-2017 04:07:51.831] Downloading rates for BLB LIMITED
[28-Nov-2017 04:07:53.976] Downloading rates for BLB LIMITED
[28-Nov-2017 06:59:44.365] DoubleM GUI starting..
[28-Nov-2017 07:00:17.543] The remote server returned an error: (500) Internal Server Error.
[28-Nov-2017 07:00:21.445] The remote server returned an error: (503) Server Unavailable.
[28-Nov-2017 07:00:28.838] The remote server returned an error: (500) Internal Server Error.
[28-Nov-2017 07:00:29.270] The remote server returned an error: (503) Server Unavailable.
[28-Nov-2017 07:00:44.952] The remote server returned an error: (500) Internal Server Error.
[28-Nov-2017 07:00:47.005] The remote server returned an error: (503) Server Unavailable.
[28-Nov-2017 07:27:43.670] DoubleM GUI starting..
[28-Nov-2017 07:27:57.245] The remote server returned an error: (500) Internal Server Error.
[28-Nov-2017 07:28:00.830] Downloading rates for BAJAJ HINDUSTAN LTD
[28-Nov-2017 07:28:20.670] The remote server returned an error: (500) Internal Server Error.
[28-Nov-2017 07:28:32.680] Downloading rates for IL&FS TRANSPORTATION NETWORKS LTD
[28-Nov-2017 07:28:34.905] Downloading rates for INDIA CEMENTS LTD
[28-Nov-2017 07:28:40.820] The remote server returned an error: (500) Internal Server Error.
[28-Nov-2017 07:29:04.522] The remote server returned an error: (500) Internal Server Error.
[28-Nov-2017 07:29:05.022] The remote server returned an error: (503) Server Unavailable.
[28-Nov-2017 07:29:15.867] Downloading rates for SOUTH INDIAN BANK LTD
[28-Nov-2017 07:29:19.072] Downloading rates for STATE BANK OF INDIA
[28-Nov-2017 07:29:21.965] Downloading rates for SUZLON ENERGY LIMITED
[28-Nov-2017 07:29:25.017] Downloading rates for STERLING BIOTECH LTD
[28-Nov-2017 07:29:27.772] Downloading rates for SYNDICATE BANK
[28-Nov-2017 07:29:30.385] Downloading rates for TATA TELESERVICES(MAHARASHTRA) LTD
[28-Nov-2017 07:29:32.910] Downloading rates for UNITECH LIMITED
[28-Nov-2017 07:29:35.127] Downloading rates for VEDANTA LIMITED
[28-Nov-2017 08:43:13.117] Downloading rates for GVK POWER & INFRASTRUCTURE LTD
[28-Nov-2017 08:43:28.585] Downloading rates for BHUSHAN STEEL
[28-Nov-2017 08:43:32.307] Downloading rates for BLB LIMITED
[28-Nov-2017 08:43:35.330] Downloading rates for BURNPUR CEMENT LTD
[28-Nov-2017 08:43:40.187] Downloading rates for CANARA BANK
[28-Nov-2017 08:43:41.262] The remote server returned an error: (500) Internal Server Error.
[28-Nov-2017 09:58:29.233] The remote server returned an error: (500) Internal Server Error.
[28-Nov-2017 09:58:32.408] The remote server returned an error: (503) Server Unavailable.
[28-Nov-2017 09:58:44.023] The remote server returned an error: (500) Internal Server Error.
[28-Nov-2017 09:58:48.850] The remote server returned an error: (500) Internal Server Error.
[28-Nov-2017 09:58:51.690] The remote server returned an error: (503) Server Unavailable.
[28-Nov-2017 09:58:53.213] The remote server returned an error: (500) Internal Server Error.
[28-Nov-2017 09:59:22.784] The remote server returned an error: (500) Internal Server Error.
[28-Nov-2017 09:59:28.907] The remote server returned an error: (500) Internal Server Error.
[28-Nov-2017 09:59:30.181] The remote server returned an error: (500) Internal Server Error.
[28-Nov-2017 09:59:38.296] The remote server returned an error: (500) Internal Server Error.
[28-Nov-2017 09:59:44.521] The remote server returned an error: (503) Server Unavailable.
[28-Nov-2017 10:00:08.955] The remote server returned an error: (500) Internal Server Error.
[28-Nov-2017 10:00:09.627] The remote server returned an error: (503) Server Unavailable.
[28-Nov-2017 10:00:24.464] The remote server returned an error: (500) Internal Server Error.
[28-Nov-2017 10:00:28.649] The remote server returned an error: (503) Server Unavailable.
[28-Nov-2017 10:00:34.194] The remote server returned an error: (500) Internal Server Error.
[28-Nov-2017 10:00:42.306] The remote server returned an error: (500) Internal Server Error.
[28-Nov-2017 10:00:57.114] The remote server returned an error: (500) Internal Server Error.
[28-Nov-2017 10:00:58.082] The remote server returned an error: (500) Internal Server Error.
[28-Nov-2017 10:00:58.722] The remote server returned an error: (503) Server Unavailable.
[28-Nov-2017 10:01:23.897] The remote server returned an error: (500) Internal Server Error.
[28-Nov-2017 10:01:25.361] The remote server returned an error: (503) Server Unavailable.
[28-Nov-2017 10:01:48.699] Downloaded rate is not the latest - CAIRN IND 285.40 25/04/2017 3:58:11 PM
[28-Nov-2017 10:01:48.699] Downloaded rate is not the latest - CORE EDUCATION & TECHNOLOGIES LIMITED 1.77 13/06/2017 12:00:00 AM
[28-Nov-2017 10:01:48.699] Downloaded rate is not the latest - ESSAR OIL LTD 263 8/02/2017 3:40:00 PM
[28-Nov-2017 10:01:48.715] Downloaded rate is not the latest - INDIABULLS FIN. SER. LTD 272.3 18/03/2017 3:46:00 PM
[28-Nov-2017 10:01:48.715] Downloaded rate is not the latest - ISPAT Industries LTD 9.98 10/06/2017 3:58:00 PM
[28-Nov-2017 10:01:48.715] Downloaded rate is not the latest - IVR Prime Urban Developer 37.05 14/08/2017 3:47:00 PM
[28-Nov-2017 10:01:48.715] Downloaded rate is not the latest - K S OIL LTD 0.44 22/05/2017 3:10:19 PM
[28-Nov-2017 10:01:48.715] Downloaded rate is not the latest - KALINDEE RAIL NR 102.40 8/02/2017 3:44:04 PM
[28-Nov-2017 10:01:48.715] Downloaded rate is not the latest - KINGFISHER AIRLINES LTD 1.36 22/06/2017 3:53:00 PM
[28-Nov-2017 10:01:48.715] Downloaded rate is not the latest - MAARS SOFTWARE 0.26 20/03/2017 3:41:00 PM
[28-Nov-2017 10:01:48.715] Downloaded rate is not the latest - NAGARJUNA FERTILIZERS LTD 23.6 26/08/2017 3:59:00 PM
[28-Nov-2017 10:01:48.715] Downloaded rate is not the latest - RANBAXY LABS LTD 859.9 1/04/2017 3:58:00 PM
[28-Nov-2017 10:01:48.715] Downloaded rate is not the latest - RELIANCE MEDIA WORLD LTD 69.05 20/03/2017 3:59:00 PM
[28-Nov-2017 10:01:48.715] Downloaded rate is not the latest - RELIANCE MEDIAWORKS LTD. 59.8 28/04/2017 3:44:00 PM
[28-Nov-2017 10:01:48.715] Downloaded rate is not the latest - RELIANCE NATURAL RES 42.15 9/11/2017 3:59:00 PM
[28-Nov-2017 10:01:48.715] Downloaded rate is not the latest - RELIANCE PETROLEUM LTD 130.85 24/09/2017 4:02:00 PM
[28-Nov-2017 10:01:48.715] Downloaded rate is not the latest - SATYAM COMPUTER 115.3 3/07/2017 4:00:00 PM
[28-Nov-2017 10:01:48.715] Downloaded rate is not the latest - SHREE ASHTAVINAYAK CINE VISION LTD 0.81 19/06/2017 3:53:00 PM
[28-Nov-2017 10:01:48.715] Downloaded rate is not the latest - SOUTH ASIAN PETROCHE 14.49 14/07/2017 4:02:00 PM
[28-Nov-2017 10:01:48.715] Downloaded rate is not the latest - STERLITE INDUSTRIES 90.2 26/08/2017 4:00:00 PM
[28-Nov-2017 10:01:48.715] Downloaded rate is not the latest - TELEDATA INFORMATICS LTD 0.47 20/03/2017 3:32:00 PM
