[15-Dec-2017 12:51:12.948] DoubleM GUI starting..
[15-Dec-2017 12:52:07.173] Downloading rates for HDFC - PRUDENCE FUND-RG DIV PAYOUT-OPEN ENDED
[15-Dec-2017 12:52:10.028] Downloading rates for GVK POWER & INFRASTRUCTURE LTD
[15-Dec-2017 12:52:10.434] The remote name could not be resolved: 'money.rediff.com'
[15-Dec-2017 12:52:14.302] Downloading rates for GVK POWER & INFRASTRUCTURE LTD
[15-Dec-2017 12:52:14.536] The remote name could not be resolved: 'money.rediff.com'
[15-Dec-2017 12:52:20.012] Downloading rates for HDFC - PRUDENCE FUND-RG DIV PAYOUT-OPEN ENDED
[15-Dec-2017 12:52:29.684] Downloading rates for HIMADRI SPECIALITY CHEMICALS LTD
[15-Dec-2017 12:52:29.918] The remote name could not be resolved: 'money.rediff.com'
[15-Dec-2017 12:52:32.024] Downloading rates for HDFC - PRUDENCE FUND-RG DIV PAYOUT-OPEN ENDED
[15-Dec-2017 11:19:24.425] DoubleM GUI starting..
[15-Dec-2017 11:23:28.933] Downloading rates for HIMADRI SPECIALITY CHEMICALS LTD
[15-Dec-2017 03:25:05.168] DoubleM GUI starting..
[15-Dec-2017 03:43:04.411] Downloading rates for ALOK INDUSTRIES LTD
[15-Dec-2017 03:43:07.677] Downloading rates for STERLING BIOTECH LTD
[15-Dec-2017 03:43:09.471] The remote server returned an error: (503) Server Unavailable.
[15-Dec-2017 03:43:11.362] Downloading rates for STERLING BIOTECH LTD
[15-Dec-2017 04:10:15.899] DoubleM GUI starting..
[15-Dec-2017 04:12:00.915] The remote server returned an error: (503) Server Unavailable.
[15-Dec-2017 04:12:28.928] Downloading rates for COAL INDIA LTD
[15-Dec-2017 04:12:31.275] Downloading rates for HDFC - PRUDENCE FUND-RG DIV PAYOUT-OPEN ENDED
[15-Dec-2017 04:12:33.763] Downloading rates for HDFC - PRUDENCE FUND-RG DIV PAYOUT-OPEN ENDED
[15-Dec-2017 04:12:37.010] Downloading rates for HINDUSTAN ORGANIC CH
[15-Dec-2017 04:12:40.395] Downloading rates for ICICI BANK LTD
[15-Dec-2017 04:12:42.741] Downloading rates for IDBI BANK LIMITED
[15-Dec-2017 04:12:45.418] Downloading rates for IDFC BANK LIMITED
[15-Dec-2017 04:12:47.259] Downloading rates for IDFC LTD
[15-Dec-2017 04:12:50.194] Downloading rates for IFCI LTD
[15-Dec-2017 04:12:52.018] Downloading rates for IL&FS TRANSPORTATION NETWORKS LTD
[15-Dec-2017 04:12:53.978] Downloading rates for INDIA CEMENTS LTD
[15-Dec-2017 04:12:56.249] Downloading rates for INDIAN OVERSEAS BANK
[15-Dec-2017 04:12:58.410] Downloading rates for INFOSYS TECHNOLOGIES LTD
[15-Dec-2017 04:13:01.325] Downloading rates for ITC LTD
[15-Dec-2017 04:13:04.021] Downloading rates for IVRCL INFRAST
[15-Dec-2017 04:13:06.650] Downloading rates for JAIPRAKASH ASSOCIATES LTD
[15-Dec-2017 04:13:09.042] Downloading rates for JAIPRAKASH HYDRO-POWER LTD
[15-Dec-2017 04:13:11.779] Downloading rates for KIRLOSKAR ELECTRIC COMP LTD
[15-Dec-2017 04:13:14.202] Downloading rates for LARSEN & TOUBRO LTD
[15-Dec-2017 04:13:16.580] Downloading rates for LUPIN LTD
[15-Dec-2017 04:13:19.826] Downloading rates for MARICO INDUSTRIES LTD
[15-Dec-2017 04:13:24.026] Downloading rates for NEYVELI LIGNITE CORPORATION LTD
[15-Dec-2017 04:13:29.922] Downloading rates for OIL & NATURAL GAS CORPORATION LTD
[15-Dec-2017 04:13:32.159] Downloading rates for POWER TRADING CORPORATION
[15-Dec-2017 04:13:34.923] Downloading rates for PTC INDIA FINANCIAL SERVICES LTD
[15-Dec-2017 04:13:37.730] Downloading rates for PUNJ LLOYD
[15-Dec-2017 04:13:40.723] Downloading rates for RELIANCE CPSE ETF - REGULAR PLAN
[15-Dec-2017 04:13:42.762] Downloading rates for RELIANCE IND
[15-Dec-2017 04:13:44.682] Downloading rates for RELIANCE POWER LIMITED
[15-Dec-2017 04:13:46.418] Downloading rates for ROLTA INDIA
[15-Dec-2017 04:13:48.162] Downloading rates for SEL Manufacturing
[15-Dec-2017 04:13:50.034] Downloading rates for SHREE RENUKA SUGARS
[15-Dec-2017 04:13:51.810] Downloading rates for SINTEX INDUSTRIES LTD
[15-Dec-2017 04:13:53.610] Downloading rates for SOUTH INDIAN BANK LTD
[15-Dec-2017 04:13:55.850] Downloading rates for STATE BANK OF INDIA
[15-Dec-2017 04:13:58.130] Downloading rates for STERLING BIOTECH LTD
[15-Dec-2017 04:14:01.058] Downloading rates for SUZLON ENERGY LIMITED
[15-Dec-2017 04:14:03.027] Downloading rates for SYNDICATE BANK
[15-Dec-2017 04:14:04.914] Downloading rates for TATA TELESERVICES(MAHARASHTRA) LTD
[15-Dec-2017 04:14:06.675] Downloading rates for UNITECH LIMITED
[15-Dec-2017 04:14:09.575] Downloading rates for VEDANTA LIMITED
[15-Dec-2017 04:55:20.642] DoubleM GUI starting..
[15-Dec-2017 04:55:41.336] Downloading rates for FUTURE CONSUMER LTD
[15-Dec-2017 04:56:47.271] Downloading rates for FUTURE CONSUMER LTD
[15-Dec-2017 04:59:01.325] DoubleM GUI starting..
[15-Dec-2017 04:59:05.886] Downloading rates for 3I INFOTECH LTD
[15-Dec-2017 04:59:07.124] The remote server returned an error: (503) Server Unavailable.
[15-Dec-2017 04:59:09.277] Downloading rates for 3I INFOTECH LTD
[15-Dec-2017 04:59:16.197] Downloading rates for 3I INFOTECH LTD
[15-Dec-2017 07:56:34.239] DoubleM GUI starting..
[15-Dec-2017 07:56:44.094] Downloading rates for BHUSHAN STEEL
[15-Dec-2017 07:57:07.206] Downloading rates for BLB LIMITED
[15-Dec-2017 07:57:12.186] Downloading rates for BURNPUR CEMENT LTD
[15-Dec-2017 07:57:16.251] Downloading rates for CANARA BANK
[15-Dec-2017 07:57:19.444] Downloading rates for COAL INDIA LTD
[15-Dec-2017 07:57:23.121] Downloading rates for DR. REDDY'S LABORATORIES
[15-Dec-2017 07:57:26.304] Downloading rates for FORCE MOTORS LTD
[15-Dec-2017 07:57:30.861] Downloading rates for FUTURE CONSUMER LTD
[15-Dec-2017 07:57:33.881] Downloading rates for GVK POWER & INFRASTRUCTURE LTD
[15-Dec-2017 07:57:37.131] Downloading rates for HDFC - PRUDENCE FUND-RG DIV PAYOUT-OPEN ENDED
[15-Dec-2017 07:57:40.219] Downloading rates for HIMADRI SPECIALITY CHEMICALS LTD
[15-Dec-2017 07:57:45.319] Downloading rates for HINDUSTAN ORGANIC CH
[15-Dec-2017 07:57:47.979] Downloading rates for ICICI BANK LTD
[15-Dec-2017 07:57:50.709] Downloading rates for IDBI BANK LIMITED
[15-Dec-2017 07:57:53.804] Downloading rates for IDFC BANK LIMITED
[15-Dec-2017 07:57:54.486] The remote server returned an error: (503) Server Unavailable.
[15-Dec-2017 07:57:56.106] Downloading rates for IDFC BANK LIMITED
[15-Dec-2017 07:57:56.931] The remote server returned an error: (500) Internal Server Error.
[15-Dec-2017 07:58:00.069] Downloading rates for IDFC BANK LIMITED
[15-Dec-2017 07:58:04.901] Downloading rates for IDFC LTD
[15-Dec-2017 07:58:16.139] Downloading rates for IFCI LTD
[15-Dec-2017 07:58:17.254] The remote server returned an error: (503) Server Unavailable.
[15-Dec-2017 07:58:18.846] Downloading rates for IFCI LTD
[15-Dec-2017 07:58:19.771] The remote server returned an error: (500) Internal Server Error.
[15-Dec-2017 07:58:21.214] Downloading rates for IL&FS TRANSPORTATION NETWORKS LTD
[15-Dec-2017 07:58:22.004] The remote server returned an error: (503) Server Unavailable.
[15-Dec-2017 07:58:24.244] Downloading rates for IFCI LTD
[15-Dec-2017 07:58:27.571] Downloading rates for IL&FS TRANSPORTATION NETWORKS LTD
[15-Dec-2017 07:58:31.006] Downloading rates for INDIA CEMENTS LTD
[15-Dec-2017 07:58:34.239] Downloading rates for INDIAN OVERSEAS BANK
[15-Dec-2017 07:58:38.711] Downloading rates for INFOSYS TECHNOLOGIES LTD
[15-Dec-2017 07:58:41.399] Downloading rates for ITC LTD
[15-Dec-2017 07:58:43.789] Downloading rates for IVRCL INFRAST
[15-Dec-2017 07:58:45.956] Downloading rates for JAIPRAKASH ASSOCIATES LTD
[15-Dec-2017 07:58:48.094] Downloading rates for JAIPRAKASH HYDRO-POWER LTD
[15-Dec-2017 07:58:50.251] Downloading rates for KIRLOSKAR ELECTRIC COMP LTD
[15-Dec-2017 07:58:52.469] Downloading rates for LARSEN & TOUBRO LTD
[15-Dec-2017 07:58:54.974] Downloading rates for LUPIN LTD
[15-Dec-2017 07:58:57.151] Downloading rates for MARICO INDUSTRIES LTD
[15-Dec-2017 07:58:59.629] Downloading rates for NEYVELI LIGNITE CORPORATION LTD
[15-Dec-2017 07:59:03.036] Downloading rates for OIL & NATURAL GAS CORPORATION LTD
[15-Dec-2017 07:59:05.674] Downloading rates for POWER TRADING CORPORATION
[15-Dec-2017 07:59:08.414] Downloading rates for PTC INDIA FINANCIAL SERVICES LTD
[15-Dec-2017 07:59:10.649] Downloading rates for PUNJ LLOYD
[15-Dec-2017 07:59:13.796] Downloading rates for RELIANCE CPSE ETF - REGULAR PLAN
[15-Dec-2017 07:59:16.086] Downloading rates for RELIANCE IND
[15-Dec-2017 07:59:18.969] Downloading rates for RELIANCE POWER LIMITED
[15-Dec-2017 07:59:21.251] Downloading rates for ROLTA INDIA
[15-Dec-2017 07:59:23.516] Downloading rates for SEL Manufacturing
[15-Dec-2017 07:59:25.991] Downloading rates for SHREE RENUKA SUGARS
[15-Dec-2017 07:59:28.926] Downloading rates for SINTEX INDUSTRIES LTD
[15-Dec-2017 07:59:29.756] The remote server returned an error: (500) Internal Server Error.
[15-Dec-2017 07:59:31.114] Downloading rates for SINTEX INDUSTRIES LTD
[15-Dec-2017 07:59:31.764] The remote server returned an error: (503) Server Unavailable.
[15-Dec-2017 07:59:33.241] Downloading rates for SINTEX INDUSTRIES LTD
[15-Dec-2017 07:59:38.664] Downloading rates for SOUTH INDIAN BANK LTD
[15-Dec-2017 07:59:42.929] Downloading rates for STATE BANK OF INDIA
[15-Dec-2017 07:59:45.944] Downloading rates for STERLING BIOTECH LTD
[15-Dec-2017 07:59:48.584] Downloading rates for SUZLON ENERGY LIMITED
[15-Dec-2017 07:59:50.926] Downloading rates for SYNDICATE BANK
[15-Dec-2017 07:59:53.181] Downloading rates for TATA TELESERVICES(MAHARASHTRA) LTD
[15-Dec-2017 07:59:55.269] Downloading rates for UNITECH LIMITED
[15-Dec-2017 07:59:57.524] Downloading rates for VEDANTA LIMITED
[15-Dec-2017 08:35:56.202] Downloading rates for HIMADRI SPECIALITY CHEMICALS LTD
[15-Dec-2017 08:36:01.722] Downloading rates for GVK POWER & INFRASTRUCTURE LTD
[15-Dec-2017 08:36:12.207] Downloading rates for ICICI BANK LTD
[15-Dec-2017 09:03:35.407] The remote server returned an error: (500) Internal Server Error.
[15-Dec-2017 09:03:36.939] The remote server returned an error: (503) Server Unavailable.
[15-Dec-2017 09:03:40.482] The remote server returned an error: (503) Server Unavailable.
[15-Dec-2017 09:03:40.832] The remote server returned an error: (500) Internal Server Error.
[15-Dec-2017 09:04:05.507] The remote server returned an error: (500) Internal Server Error.
[15-Dec-2017 09:04:12.238] Downloading rates for KIRLOSKAR ELECTRIC COMP LTD
[15-Dec-2017 09:04:14.623] Downloading rates for IVRCL INFRAST
