[12-Dec-2017 10:12:20.266] DoubleM GUI starting..
[12-Dec-2017 10:12:30.884] Downloading rates for 3I INFOTECH LTD
[12-Dec-2017 03:39:44.466] DoubleM GUI starting..
[12-Dec-2017 03:39:56.714] The remote server returned an error: (500) Internal Server Error.
[12-Dec-2017 03:40:29.599] Downloading rates for 3I INFOTECH LTD
[12-Dec-2017 03:41:00.648] Downloading rates for LUPIN LTD
[12-Dec-2017 03:41:04.327] Downloading rates for MARICO INDUSTRIES LTD
[12-Dec-2017 03:41:06.520] Downloading rates for NEYVELI LIGNITE CORPORATION LTD
[12-Dec-2017 03:41:08.571] Downloading rates for OIL & NATURAL GAS CORPORATION LTD
[12-Dec-2017 03:41:12.309] Downloading rates for PTC INDIA FINANCIAL SERVICES LTD
[12-Dec-2017 03:41:14.425] Downloading rates for POWER TRADING CORPORATION
[12-Dec-2017 03:41:17.227] Downloading rates for PUNJ LLOYD
[12-Dec-2017 03:49:23.553] Downloading rates for PTC INDIA FINANCIAL SERVICES LTD
[12-Dec-2017 03:49:25.915] Downloading rates for STERLING BIOTECH LTD
[12-Dec-2017 05:28:03.852] Downloading rates for PTC INDIA FINANCIAL SERVICES LTD
[12-Dec-2017 05:28:06.212] Downloading rates for STERLING BIOTECH LTD
[12-Dec-2017 05:28:21.170] Downloading rates for MARICO INDUSTRIES LTD
[12-Dec-2017 05:28:28.790] The remote server returned an error: (503) Server Unavailable.
[12-Dec-2017 05:28:46.140] The remote server returned an error: (503) Server Unavailable.
[12-Dec-2017 05:28:59.670] The remote server returned an error: (500) Internal Server Error.
[12-Dec-2017 06:03:05.973] The remote server returned an error: (500) Internal Server Error.
[12-Dec-2017 06:03:08.035] The remote server returned an error: (500) Internal Server Error.
[12-Dec-2017 06:03:31.428] Downloading rates for IFCI LTD
[12-Dec-2017 06:03:35.499] Downloading rates for IL&FS TRANSPORTATION NETWORKS LTD
[12-Dec-2017 06:03:38.408] Downloading rates for INDIA CEMENTS LTD
[12-Dec-2017 06:04:18.221] Downloading rates for STATE BANK OF INDIA
[12-Dec-2017 06:04:21.662] Downloading rates for STERLING BIOTECH LTD
[12-Dec-2017 06:04:30.420] The remote server returned an error: (503) Server Unavailable.
[12-Dec-2017 06:46:24.354] Downloading rates for BLB LIMITED
[12-Dec-2017 06:46:25.514] The remote server returned an error: (500) Internal Server Error.
[12-Dec-2017 07:02:16.056] Downloading rates for HIMADRI SPECIALITY CHEMICALS LTD
[12-Dec-2017 07:12:24.412] Downloading rates for SHREE RENUKA SUGARS
[12-Dec-2017 07:12:26.739] Downloading rates for PUNJ LLOYD
[12-Dec-2017 07:12:27.944] The remote server returned an error: (500) Internal Server Error.
[12-Dec-2017 07:12:29.224] Downloading rates for BAJAJ HINDUSTAN LTD
[12-Dec-2017 07:12:31.085] Downloading rates for PUNJ LLOYD
[12-Dec-2017 07:12:33.692] Downloading rates for ALLAHABAD BANK
[12-Dec-2017 07:12:36.322] Downloading rates for PUNJ LLOYD
[12-Dec-2017 07:12:42.591] Downloading rates for PUNJ LLOYD
[12-Dec-2017 07:17:52.825] Downloading rates for FUTURE CONSUMER LTD
[12-Dec-2017 08:49:58.640] DoubleM GUI starting..
[12-Dec-2017 08:51:16.333] Start loading frmCatGraph 
[12-Dec-2017 08:51:51.704] Start loading frmCatGraph 
[12-Dec-2017 08:52:59.794] Downloading rates for ALOK INDUSTRIES LTD
[12-Dec-2017 08:53:02.317] Downloading rates for ALPS INDUSTRIES
[12-Dec-2017 08:53:05.488] Downloading rates for BAJAJ HINDUSTAN LTD
[12-Dec-2017 08:53:07.683] Downloading rates for BANK OF BARODA
[12-Dec-2017 08:53:10.360] Downloading rates for BHEL
[12-Dec-2017 08:53:12.313] Downloading rates for BHUSHAN STEEL
[12-Dec-2017 08:53:13.898] Downloading rates for BLB LIMITED
[12-Dec-2017 08:53:16.006] Downloading rates for BURNPUR CEMENT LTD
[12-Dec-2017 08:53:19.847] Downloading rates for CANARA BANK
[12-Dec-2017 08:53:22.164] Downloading rates for COAL INDIA LTD
[12-Dec-2017 08:53:24.292] Downloading rates for DR. REDDY'S LABORATORIES
[12-Dec-2017 08:57:51.217] The remote server returned an error: (503) Server Unavailable.
[12-Dec-2017 08:57:56.646] Downloading rates for FUTURE CONSUMER LTD
[12-Dec-2017 08:57:59.410] Downloading rates for IDBI BANK LIMITED
[12-Dec-2017 08:58:02.049] Downloading rates for IDFC BANK LIMITED
[12-Dec-2017 08:58:04.359] Downloading rates for IDFC LTD
[12-Dec-2017 08:58:06.601] Downloading rates for IFCI LTD
[12-Dec-2017 08:58:14.530] Downloading rates for IL&FS TRANSPORTATION NETWORKS LTD
[12-Dec-2017 08:58:17.450] Downloading rates for INDIA CEMENTS LTD
[12-Dec-2017 08:58:18.210] The remote server returned an error: (500) Internal Server Error.
[12-Dec-2017 08:58:19.821] Downloading rates for INDIA CEMENTS LTD
[12-Dec-2017 08:58:31.861] Downloading rates for JAIPRAKASH ASSOCIATES LTD
[12-Dec-2017 08:58:34.896] Downloading rates for JAIPRAKASH HYDRO-POWER LTD
[12-Dec-2017 08:58:35.564] The remote server returned an error: (503) Server Unavailable.
[12-Dec-2017 08:58:53.478] The remote server returned an error: (500) Internal Server Error.
[12-Dec-2017 08:58:55.193] The remote server returned an error: (500) Internal Server Error.
[12-Dec-2017 08:59:02.356] Downloading rates for SEL Manufacturing
[12-Dec-2017 08:59:09.184] The remote server returned an error: (500) Internal Server Error.
[12-Dec-2017 08:59:14.519] Downloading rates for STERLING BIOTECH LTD
[12-Dec-2017 08:59:17.322] Downloading rates for SUZLON ENERGY LIMITED
[12-Dec-2017 08:59:19.738] Downloading rates for SYNDICATE BANK
[12-Dec-2017 08:59:21.807] Downloading rates for TATA TELESERVICES(MAHARASHTRA) LTD
[12-Dec-2017 08:59:24.011] Downloading rates for UNITECH LIMITED
[12-Dec-2017 08:59:24.730] The remote server returned an error: (500) Internal Server Error.
[12-Dec-2017 08:59:26.073] Downloading rates for UNITECH LIMITED
[12-Dec-2017 08:59:27.857] Downloading rates for VEDANTA LIMITED
[12-Dec-2017 09:05:20.291] The remote server returned an error: (500) Internal Server Error.
[12-Dec-2017 09:05:22.309] The remote server returned an error: (503) Server Unavailable.
[12-Dec-2017 09:05:23.414] The remote server returned an error: (503) Server Unavailable.
[12-Dec-2017 09:05:27.841] The remote server returned an error: (500) Internal Server Error.
[12-Dec-2017 09:05:33.866] The remote server returned an error: (500) Internal Server Error.
[12-Dec-2017 09:05:41.651] The remote server returned an error: (503) Server Unavailable.
