[07-Dec-2017 02:11:33.423] DoubleM GUI starting..
[07-Dec-2017 02:26:08.044] Downloading rates for GVK POWER & INFRASTRUCTURE LTD
[07-Dec-2017 02:46:44.899] DoubleM GUI starting..
[07-Dec-2017 02:47:54.753] DoubleM GUI starting..
[07-Dec-2017 02:52:29.112] DoubleM GUI starting..
[07-Dec-2017 03:56:04.102] DoubleM GUI starting..
[07-Dec-2017 03:57:13.939] Downloading rates for STERLING BIOTECH LTD
[07-Dec-2017 03:57:54.889] Downloading rates for BLB LIMITED
[07-Dec-2017 03:57:59.729] Downloading rates for SEL Manufacturing
[07-Dec-2017 03:58:01.383] Downloading rates for STERLING BIOTECH LTD
[07-Dec-2017 05:27:07.023] DoubleM GUI starting..
[07-Dec-2017 05:29:34.676] Downloading rates for SEL Manufacturing
[07-Dec-2017 05:29:36.719] Downloading rates for 3I INFOTECH LTD
[07-Dec-2017 05:29:46.043] Downloading rates for 3I INFOTECH LTD
[07-Dec-2017 05:42:57.336] Downloading rates for SEL Manufacturing
[07-Dec-2017 05:42:59.275] Downloading rates for 3I INFOTECH LTD
[07-Dec-2017 05:43:01.804] Downloading rates for 3I INFOTECH LTD
[07-Dec-2017 05:43:09.425] Downloading rates for 3I INFOTECH LTD
[07-Dec-2017 05:49:45.398] Downloading rates for SEL Manufacturing
[07-Dec-2017 05:49:47.557] Downloading rates for 3I INFOTECH LTD
[07-Dec-2017 07:49:41.229] Downloading rates for BLB LIMITED
[07-Dec-2017 08:04:48.706] DoubleM GUI starting..
[07-Dec-2017 08:06:10.375] Downloading rates for STERLING BIOTECH LTD
[07-Dec-2017 08:09:07.205] Downloading rates for 3I INFOTECH LTD
[07-Dec-2017 08:24:17.318] Downloading rates for 3I INFOTECH LTD
