[23-Nov-2017 10:00:43.870] DoubleM GUI starting..
[23-Nov-2017 04:15:59.256] DoubleM GUI starting..
[23-Nov-2017 04:16:32.258] Downloading rates for IL&FS TRANSPORTATION NETWORKS LTD
[23-Nov-2017 04:16:41.402] The remote server returned an error: (500) Internal Server Error.
[23-Nov-2017 04:16:51.742] Downloading rates for IVRCL INFRAST
[23-Nov-2017 04:16:53.660] Downloading rates for ROLTA INDIA
[23-Nov-2017 04:22:01.125] Downloading rates for ALPS INDUSTRIES
[23-Nov-2017 04:24:10.813] Downloading rates for PUNJ LLOYD
[23-Nov-2017 04:24:13.485] Downloading rates for PUNJ LLOYD
[23-Nov-2017 05:02:34.931] Downloading rates for RELIANCE POWER LIMITED
[23-Nov-2017 05:02:36.784] Downloading rates for SUZLON ENERGY LIMITED
[23-Nov-2017 05:02:38.762] Downloading rates for SUZLON ENERGY LIMITED
[23-Nov-2017 05:10:08.699] Downloading rates for SUZLON ENERGY LIMITED
[23-Nov-2017 05:10:14.711] Downloading rates for SUZLON ENERGY LIMITED
[23-Nov-2017 05:11:04.895] Downloading rates for SUZLON ENERGY LIMITED
[23-Nov-2017 06:15:22.486] Downloading rates for SUZLON ENERGY LIMITED
[23-Nov-2017 08:02:53.269] DoubleM GUI starting..
[23-Nov-2017 08:03:02.657] The remote server returned an error: (500) Internal Server Error.
[23-Nov-2017 08:03:08.747] The remote server returned an error: (500) Internal Server Error.
[23-Nov-2017 08:03:14.932] The remote server returned an error: (500) Internal Server Error.
[23-Nov-2017 08:03:20.722] The remote server returned an error: (503) Server Unavailable.
[23-Nov-2017 08:03:37.482] Downloading rates for INDIA CEMENTS LTD
[23-Nov-2017 08:03:43.257] The remote server returned an error: (500) Internal Server Error.
[23-Nov-2017 08:03:48.387] The remote server returned an error: (500) Internal Server Error.
[23-Nov-2017 08:04:01.432] The remote server returned an error: (503) Server Unavailable.
[23-Nov-2017 08:04:12.059] The remote server returned an error: (500) Internal Server Error.
[23-Nov-2017 08:04:14.509] Downloading rates for RELIANCE CPSE ETF - REGULAR PLAN
[23-Nov-2017 08:04:26.159] The remote server returned an error: (500) Internal Server Error.
[23-Nov-2017 08:30:58.017] Downloading rates for BAJAJ HINDUSTAN LTD
[23-Nov-2017 08:31:13.209] Downloading rates for SHREE RENUKA SUGARS
[23-Nov-2017 08:32:15.972] Downloading rates for BAJAJ HINDUSTAN LTD
[23-Nov-2017 09:14:17.863] The remote server returned an error: (500) Internal Server Error.
[23-Nov-2017 09:14:21.523] Downloading rates for NEYVELI LIGNITE CORPORATION LTD
[23-Nov-2017 09:14:25.180] Downloading rates for JAIPRAKASH HYDRO-POWER LTD
[23-Nov-2017 09:14:56.288] The remote server returned an error: (500) Internal Server Error.
[23-Nov-2017 09:15:08.715] Downloading rates for BHEL
