[11-Dec-2017 03:25:10.497] DoubleM GUI starting..
[11-Dec-2017 03:25:41.280] The remote server returned an error: (500) Internal Server Error.
[11-Dec-2017 03:26:00.741] The remote server returned an error: (503) Server Unavailable.
[11-Dec-2017 03:57:01.009] Downloading rates for SEL Manufacturing
[11-Dec-2017 03:57:06.257] Downloading rates for SHREE RENUKA SUGARS
[11-Dec-2017 03:57:08.056] Downloading rates for HIMADRI SPECIALITY CHEMICALS LTD
[11-Dec-2017 03:57:10.458] Downloading rates for PTC INDIA FINANCIAL SERVICES LTD
[11-Dec-2017 03:57:16.423] Downloading rates for BLB LIMITED
[11-Dec-2017 06:54:53.104] DoubleM GUI starting..
[11-Dec-2017 07:03:16.276] Downloading rates for STERLING BIOTECH LTD
[11-Dec-2017 07:03:18.590] Downloading rates for PUNJ LLOYD
[11-Dec-2017 07:03:21.062] Downloading rates for STERLING BIOTECH LTD
[11-Dec-2017 07:03:23.007] Downloading rates for BHUSHAN STEEL
[11-Dec-2017 07:06:58.917] Downloading rates for STERLING BIOTECH LTD
[11-Dec-2017 07:07:01.267] Downloading rates for BHUSHAN STEEL
[11-Dec-2017 07:07:03.504] Downloading rates for PUNJ LLOYD
[11-Dec-2017 07:29:47.303] Downloading rates for PUNJ LLOYD
[11-Dec-2017 07:29:49.606] Downloading rates for STERLING BIOTECH LTD
[11-Dec-2017 07:29:52.598] Downloading rates for BHUSHAN STEEL
[11-Dec-2017 07:29:54.926] Downloading rates for STERLING BIOTECH LTD
[11-Dec-2017 07:39:40.943] Downloading rates for STERLING BIOTECH LTD
[11-Dec-2017 08:07:13.502] Downloading rates for STERLING BIOTECH LTD
[11-Dec-2017 08:07:28.986] The remote server returned an error: (500) Internal Server Error.
[11-Dec-2017 08:07:34.399] The remote server returned an error: (503) Server Unavailable.
[11-Dec-2017 08:07:55.630] The remote server returned an error: (500) Internal Server Error.
[11-Dec-2017 08:48:01.415] Downloading rates for HIMADRI SPECIALITY CHEMICALS LTD
[11-Dec-2017 08:48:14.182] Downloading rates for HINDUSTAN ORGANIC CH
[11-Dec-2017 08:48:23.530] Downloading rates for VEDANTA LIMITED
[11-Dec-2017 08:48:26.562] Downloading rates for VEDANTA LIMITED
[11-Dec-2017 08:48:36.802] Downloading rates for OIL & NATURAL GAS CORPORATION LTD
[11-Dec-2017 08:48:38.135] The remote server returned an error: (500) Internal Server Error.
[11-Dec-2017 08:48:43.962] Downloading rates for POWER TRADING CORPORATION
[11-Dec-2017 08:48:47.327] Downloading rates for BANK OF BARODA
[11-Dec-2017 08:49:14.015] Downloading rates for BAJAJ HINDUSTAN LTD
[11-Dec-2017 10:21:29.338] The remote server returned an error: (500) Internal Server Error.
[11-Dec-2017 10:21:41.245] The remote server returned an error: (500) Internal Server Error.
[11-Dec-2017 10:21:46.066] The remote server returned an error: (503) Server Unavailable.
[11-Dec-2017 10:21:48.081] The remote server returned an error: (500) Internal Server Error.
[11-Dec-2017 10:21:51.516] The remote server returned an error: (500) Internal Server Error.
[11-Dec-2017 10:21:51.971] The remote server returned an error: (503) Server Unavailable.
