[19-Dec-2017 09:54:12.716] DoubleM GUI starting..
[19-Dec-2017 09:56:47.306] DoubleM GUI starting..
[19-Dec-2017 02:56:13.273] DoubleM GUI starting..
[19-Dec-2017 03:01:37.240] The remote server returned an error: (500) Internal Server Error.
[19-Dec-2017 03:02:02.815] Downloading rates for ALOK INDUSTRIES LTD
[19-Dec-2017 03:02:45.153] Downloading rates for POWER TRADING CORPORATION
[19-Dec-2017 03:02:47.432] Downloading rates for PTC INDIA FINANCIAL SERVICES LTD
[19-Dec-2017 03:02:49.854] Downloading rates for PUNJ LLOYD
[19-Dec-2017 03:07:32.162] Downloading rates for ALPS INDUSTRIES
[19-Dec-2017 03:07:34.509] Downloading rates for IL&FS TRANSPORTATION NETWORKS LTD
[19-Dec-2017 03:07:41.311] Downloading rates for INDIAN OVERSEAS BANK
[19-Dec-2017 03:07:43.804] Downloading rates for ALLAHABAD BANK
[19-Dec-2017 03:07:46.673] Downloading rates for SYNDICATE BANK
[19-Dec-2017 03:07:49.382] Downloading rates for STERLING BIOTECH LTD
[19-Dec-2017 03:07:51.813] Downloading rates for SYNDICATE BANK
[19-Dec-2017 03:07:53.967] Downloading rates for INFOSYS TECHNOLOGIES LTD
[19-Dec-2017 03:07:59.967] Downloading rates for SYNDICATE BANK
[19-Dec-2017 03:08:03.732] Downloading rates for ALLAHABAD BANK
[19-Dec-2017 03:08:06.395] Downloading rates for SYNDICATE BANK
[19-Dec-2017 03:15:55.020] Downloading rates for STERLING BIOTECH LTD
[19-Dec-2017 03:15:57.011] Downloading rates for ALLAHABAD BANK
[19-Dec-2017 03:15:58.756] Downloading rates for SYNDICATE BANK
[19-Dec-2017 03:16:01.092] Downloading rates for STERLING BIOTECH LTD
[19-Dec-2017 03:16:09.148] Downloading rates for BURNPUR CEMENT LTD
[19-Dec-2017 03:16:22.156] Downloading rates for STERLING BIOTECH LTD
[19-Dec-2017 03:16:30.021] Downloading rates for BLB LIMITED
[19-Dec-2017 06:08:51.760] DoubleM GUI starting..
[19-Dec-2017 06:09:08.408] The remote server returned an error: (500) Internal Server Error.
[19-Dec-2017 06:09:23.080] The remote server returned an error: (500) Internal Server Error.
[19-Dec-2017 06:09:37.050] The remote server returned an error: (500) Internal Server Error.
[19-Dec-2017 06:09:43.148] The remote server returned an error: (500) Internal Server Error.
[19-Dec-2017 06:09:44.918] The remote server returned an error: (503) Server Unavailable.
[19-Dec-2017 06:10:02.438] The remote server returned an error: (503) Server Unavailable.
[19-Dec-2017 07:00:55.831] DoubleM GUI starting..
[19-Dec-2017 07:04:27.454] Downloading rates for ABAN OFFSHORE LTD
[19-Dec-2017 07:04:36.841] Downloading rates for ALOK INDUSTRIES LTD
[19-Dec-2017 07:04:44.409] Downloading rates for BAJAJ HINDUSTAN LTD
[19-Dec-2017 07:04:52.741] Downloading rates for BHUSHAN STEEL
[19-Dec-2017 07:04:58.946] Downloading rates for BHEL
[19-Dec-2017 07:05:02.301] Downloading rates for BLB LIMITED
[19-Dec-2017 07:05:02.931] The remote server returned an error: (500) Internal Server Error.
[19-Dec-2017 07:05:09.216] Downloading rates for BLB LIMITED
[19-Dec-2017 07:06:24.626] Downloading rates for BURNPUR CEMENT LTD
[19-Dec-2017 07:06:27.874] Downloading rates for CANARA BANK
[19-Dec-2017 07:06:31.599] Downloading rates for COAL INDIA LTD
[19-Dec-2017 07:06:36.669] Downloading rates for DR. REDDY'S LABORATORIES
[19-Dec-2017 07:06:40.764] Downloading rates for FORCE MOTORS LTD
[19-Dec-2017 07:06:44.956] Downloading rates for FUTURE CONSUMER LTD
[19-Dec-2017 07:06:48.701] Downloading rates for GVK POWER & INFRASTRUCTURE LTD
[19-Dec-2017 07:06:49.281] The remote server returned an error: (503) Server Unavailable.
[19-Dec-2017 07:06:51.014] Downloading rates for GVK POWER & INFRASTRUCTURE LTD
[19-Dec-2017 07:06:54.089] Downloading rates for HDFC - PRUDENCE FUND-RG DIV PAYOUT-OPEN ENDED
[19-Dec-2017 07:06:56.274] Downloading rates for HIMADRI SPECIALITY CHEMICALS LTD
[19-Dec-2017 07:07:05.409] Downloading rates for HINDUSTAN ORGANIC CH
[19-Dec-2017 07:07:09.116] Downloading rates for ICICI BANK LTD
[19-Dec-2017 07:07:12.881] Downloading rates for IDBI BANK LIMITED
[19-Dec-2017 07:07:15.809] Downloading rates for IDFC BANK LIMITED
[19-Dec-2017 07:07:16.526] The remote server returned an error: (503) Server Unavailable.
[19-Dec-2017 07:07:18.551] Downloading rates for IDFC BANK LIMITED
[19-Dec-2017 07:07:20.986] Downloading rates for IDFC LTD
[19-Dec-2017 07:07:23.386] Downloading rates for IFCI LTD
[19-Dec-2017 07:07:26.181] Downloading rates for IL&FS TRANSPORTATION NETWORKS LTD
[19-Dec-2017 07:07:30.749] Downloading rates for INDIA CEMENTS LTD
[19-Dec-2017 07:07:34.001] Downloading rates for INDIAN OVERSEAS BANK
[19-Dec-2017 07:07:37.099] Downloading rates for INFOSYS TECHNOLOGIES LTD
[19-Dec-2017 07:07:39.921] Downloading rates for ITC LTD
[19-Dec-2017 07:07:44.109] Downloading rates for IVRCL INFRAST
[19-Dec-2017 07:07:46.256] Downloading rates for JAIPRAKASH ASSOCIATES LTD
[19-Dec-2017 07:07:50.454] Downloading rates for KIRLOSKAR ELECTRIC COMP LTD
[19-Dec-2017 07:07:56.074] Downloading rates for LUPIN LTD
[19-Dec-2017 07:08:00.634] Downloading rates for MARICO INDUSTRIES LTD
[19-Dec-2017 07:08:07.164] Downloading rates for NEYVELI LIGNITE CORPORATION LTD
[19-Dec-2017 07:08:08.076] The remote server returned an error: (500) Internal Server Error.
[19-Dec-2017 07:08:09.429] Downloading rates for NEYVELI LIGNITE CORPORATION LTD
[19-Dec-2017 07:08:12.039] Downloading rates for POWER TRADING CORPORATION
[19-Dec-2017 07:08:17.944] Downloading rates for PTC INDIA FINANCIAL SERVICES LTD
[19-Dec-2017 07:08:23.641] Downloading rates for RELIANCE IND
[19-Dec-2017 07:08:34.116] Downloading rates for SHREE RENUKA SUGARS
[19-Dec-2017 07:08:45.691] Downloading rates for SINTEX INDUSTRIES LTD
[19-Dec-2017 07:08:49.124] Downloading rates for SOUTH INDIAN BANK LTD
[19-Dec-2017 07:08:53.324] Downloading rates for STATE BANK OF INDIA
[19-Dec-2017 07:08:56.611] Downloading rates for STERLING BIOTECH LTD
[19-Dec-2017 07:08:58.904] Downloading rates for SUZLON ENERGY LIMITED
[19-Dec-2017 07:09:01.804] Downloading rates for SYNDICATE BANK
[19-Dec-2017 07:09:02.401] The remote server returned an error: (500) Internal Server Error.
[19-Dec-2017 07:09:03.694] Downloading rates for SYNDICATE BANK
[19-Dec-2017 07:09:06.411] Downloading rates for TATA TELESERVICES(MAHARASHTRA) LTD
[19-Dec-2017 07:09:14.406] Downloading rates for UNITECH LIMITED
[19-Dec-2017 07:09:18.044] Downloading rates for VEDANTA LIMITED
[19-Dec-2017 07:17:01.631] DoubleM GUI starting..
[19-Dec-2017 07:17:08.504] Downloading rates for HIMADRI SPECIALITY CHEMICALS LTD
[19-Dec-2017 07:18:28.789] Downloading rates for FUTURE CONSUMER LTD
[19-Dec-2017 08:39:20.357] The remote server returned an error: (500) Internal Server Error.
[19-Dec-2017 08:39:23.944] The remote server returned an error: (500) Internal Server Error.
[19-Dec-2017 08:39:28.339] The remote server returned an error: (503) Server Unavailable.
[19-Dec-2017 08:39:29.499] The remote server returned an error: (500) Internal Server Error.
[19-Dec-2017 09:06:44.190] The remote server returned an error: (500) Internal Server Error.
[19-Dec-2017 09:06:46.292] The remote server returned an error: (503) Server Unavailable.
